[2020-06-16 07:09:51] LogABMTurnosDataBase.INFO: MOVIMIENTO:  ["letra-s"] []
[2020-06-16 07:10:29] LogABMTurnosDataBase.INFO: MOVIMIENTO:  ["right"] []
[2020-06-16 07:10:30] LogABMTurnosDataBase.INFO: MOVIMIENTO:  ["up"] []
[2020-06-16 07:10:31] LogABMTurnosDataBase.INFO: MOVIMIENTO:  ["down"] []
[2020-06-16 07:10:31] LogABMTurnosDataBase.INFO: MOVIMIENTO:  ["left"] []
[2020-06-16 07:10:31] LogABMTurnosDataBase.INFO: MOVIMIENTO:  ["up"] []
[2020-06-16 07:10:32] LogABMTurnosDataBase.INFO: MOVIMIENTO:  ["left"] []
[2020-06-16 07:10:32] LogABMTurnosDataBase.INFO: MOVIMIENTO:  ["down"] []
[2020-06-16 07:10:33] LogABMTurnosDataBase.INFO: MOVIMIENTO:  ["right"] []
[2020-06-16 07:10:33] LogABMTurnosDataBase.INFO: MOVIMIENTO:  ["up"] []
[2020-06-16 07:10:33] LogABMTurnosDataBase.INFO: MOVIMIENTO:  ["left"] []
[2020-06-16 07:10:33] LogABMTurnosDataBase.INFO: MOVIMIENTO:  ["down"] []
[2020-06-16 07:10:33] LogABMTurnosDataBase.INFO: MOVIMIENTO:  ["right"] []
[2020-06-16 07:10:33] LogABMTurnosDataBase.INFO: MOVIMIENTO:  ["left"] []
[2020-06-16 07:10:34] LogABMTurnosDataBase.INFO: MOVIMIENTO:  ["up"] []
[2020-06-16 07:10:34] LogABMTurnosDataBase.INFO: MOVIMIENTO:  ["left"] []
[2020-06-16 07:10:34] LogABMTurnosDataBase.INFO: MOVIMIENTO:  ["right"] []
[2020-06-16 07:10:34] LogABMTurnosDataBase.INFO: MOVIMIENTO:  ["left"] []
[2020-06-16 07:10:34] LogABMTurnosDataBase.INFO: MOVIMIENTO:  ["up"] []
[2020-06-16 07:10:34] LogABMTurnosDataBase.INFO: MOVIMIENTO:  ["left"] []
[2020-06-16 07:10:34] LogABMTurnosDataBase.INFO: MOVIMIENTO:  ["down"] []
[2020-06-16 07:10:35] LogABMTurnosDataBase.INFO: MOVIMIENTO:  ["right"] []
[2020-06-16 07:10:35] LogABMTurnosDataBase.INFO: MOVIMIENTO:  ["left"] []
[2020-06-16 07:10:35] LogABMTurnosDataBase.INFO: MOVIMIENTO:  ["up"] []
[2020-06-16 07:10:35] LogABMTurnosDataBase.INFO: MOVIMIENTO:  ["right"] []
[2020-06-16 07:10:35] LogABMTurnosDataBase.INFO: MOVIMIENTO:  ["left"] []
[2020-06-16 07:10:35] LogABMTurnosDataBase.INFO: MOVIMIENTO:  ["up"] []
[2020-06-16 07:10:35] LogABMTurnosDataBase.INFO: MOVIMIENTO:  ["right"] []
[2020-06-16 07:10:35] LogABMTurnosDataBase.INFO: MOVIMIENTO:  ["left"] []
[2020-06-16 07:10:35] LogABMTurnosDataBase.INFO: MOVIMIENTO:  ["right"] []
[2020-06-16 07:10:35] LogABMTurnosDataBase.INFO: MOVIMIENTO:  ["left"] []
[2020-06-16 07:10:35] LogABMTurnosDataBase.INFO: MOVIMIENTO:  ["up"] []
[2020-06-16 19:10:43] LogABMTurnosDataBase.INFO: MOVIMIENTO:  ["letra-s"] []
[2020-06-16 19:10:47] LogABMTurnosDataBase.INFO: MOVIMIENTO:  ["right"] []
[2020-06-16 19:10:49] LogABMTurnosDataBase.INFO: MOVIMIENTO:  ["down"] []
[2020-06-16 19:10:52] LogABMTurnosDataBase.INFO: MOVIMIENTO:  ["down"] []
[2020-06-16 19:10:53] LogABMTurnosDataBase.INFO: MOVIMIENTO:  ["up"] []
[2020-06-16 19:10:54] LogABMTurnosDataBase.INFO: MOVIMIENTO:  ["down"] []
[2020-06-16 19:10:55] LogABMTurnosDataBase.INFO: MOVIMIENTO:  ["left"] []
[2020-06-16 19:10:55] LogABMTurnosDataBase.INFO: MOVIMIENTO:  ["up"] []
[2020-06-16 19:10:56] LogABMTurnosDataBase.INFO: MOVIMIENTO:  ["right"] []
[2020-06-16 19:10:57] LogABMTurnosDataBase.INFO: MOVIMIENTO:  ["up"] []
[2020-06-16 19:10:58] LogABMTurnosDataBase.INFO: MOVIMIENTO:  ["right"] []
[2020-06-16 19:10:58] LogABMTurnosDataBase.INFO: MOVIMIENTO:  ["down"] []
[2020-06-16 19:10:59] LogABMTurnosDataBase.INFO: MOVIMIENTO:  ["up"] []
[2020-06-16 19:10:59] LogABMTurnosDataBase.INFO: MOVIMIENTO:  ["down"] []
[2020-06-16 19:11:00] LogABMTurnosDataBase.INFO: MOVIMIENTO:  ["down"] []
[2020-06-16 19:11:01] LogABMTurnosDataBase.INFO: MOVIMIENTO:  ["left"] []
[2020-06-16 19:11:01] LogABMTurnosDataBase.INFO: MOVIMIENTO:  ["down"] []
[2020-06-16 21:50:13] LogABMTurnosDataBase.INFO: MOVIMIENTO:  ["letra-s"] []
[2020-06-16 22:35:54] LogABMTurnosDataBase.INFO: MOVIMIENTO:  ["down"] []
[2020-06-16 22:43:58] LogABMTurnosDataBase.INFO: MOVIMIENTO:  ["letra-s"] []
[2020-06-16 22:44:07] LogABMTurnosDataBase.INFO: MOVIMIENTO:  ["down"] []
[2020-06-16 22:44:34] LogABMTurnosDataBase.INFO: MOVIMIENTO:  ["up"] []
[2020-06-16 22:45:39] LogABMTurnosDataBase.INFO: MOVIMIENTO:  ["letra-s"] []
[2020-06-16 22:51:36] LogABMTurnosDataBase.INFO: MOVIMIENTO:  ["right"] []
[2020-06-16 22:51:47] LogABMTurnosDataBase.INFO: MOVIMIENTO:  ["up"] []
[2020-06-16 23:04:52] LogABMTurnosDataBase.INFO: MOVIMIENTO:  ["down"] []
[2020-06-16 23:04:55] LogABMTurnosDataBase.INFO: MOVIMIENTO:  ["up"] []
[2020-06-16 23:04:55] LogABMTurnosDataBase.INFO: MOVIMIENTO:  ["down"] []
[2020-06-16 23:04:56] LogABMTurnosDataBase.INFO: MOVIMIENTO:  ["up"] []
[2020-06-16 23:04:57] LogABMTurnosDataBase.INFO: MOVIMIENTO:  ["down"] []
[2020-06-16 23:04:57] LogABMTurnosDataBase.INFO: MOVIMIENTO:  ["up"] []
[2020-06-16 23:04:59] LogABMTurnosDataBase.INFO: MOVIMIENTO:  ["down"] []
[2020-06-16 23:05:02] LogABMTurnosDataBase.INFO: MOVIMIENTO:  ["left"] []
[2020-06-16 23:05:03] LogABMTurnosDataBase.INFO: MOVIMIENTO:  ["up"] []
[2020-06-16 23:05:04] LogABMTurnosDataBase.INFO: MOVIMIENTO:  ["right"] []
[2020-06-16 23:05:05] LogABMTurnosDataBase.INFO: MOVIMIENTO:  ["left"] []
[2020-06-16 23:05:05] LogABMTurnosDataBase.INFO: MOVIMIENTO:  ["down"] []
[2020-06-16 23:05:06] LogABMTurnosDataBase.INFO: MOVIMIENTO:  ["left"] []
[2020-06-16 23:05:07] LogABMTurnosDataBase.INFO: MOVIMIENTO:  ["right"] []
[2020-06-16 23:05:07] LogABMTurnosDataBase.INFO: MOVIMIENTO:  ["up"] []
[2020-06-16 23:05:07] LogABMTurnosDataBase.INFO: MOVIMIENTO:  ["left"] []
[2020-06-16 23:05:08] LogABMTurnosDataBase.INFO: MOVIMIENTO:  ["down"] []
[2020-06-16 23:05:09] LogABMTurnosDataBase.INFO: MOVIMIENTO:  ["right"] []
[2020-06-16 23:05:09] LogABMTurnosDataBase.INFO: MOVIMIENTO:  ["up"] []
[2020-06-16 23:05:10] LogABMTurnosDataBase.INFO: MOVIMIENTO:  ["left"] []
[2020-06-16 23:05:11] LogABMTurnosDataBase.INFO: MOVIMIENTO:  ["down"] []
[2020-06-16 23:05:11] LogABMTurnosDataBase.INFO: MOVIMIENTO:  ["down"] []
[2020-06-16 23:05:12] LogABMTurnosDataBase.INFO: MOVIMIENTO:  ["right"] []
[2020-06-16 23:05:12] LogABMTurnosDataBase.INFO: MOVIMIENTO:  ["up"] []
[2020-06-16 23:05:13] LogABMTurnosDataBase.INFO: MOVIMIENTO:  ["right"] []
[2020-06-16 23:05:13] LogABMTurnosDataBase.INFO: MOVIMIENTO:  ["down"] []
[2020-06-16 23:05:14] LogABMTurnosDataBase.INFO: MOVIMIENTO:  ["left"] []
[2020-06-16 23:05:14] LogABMTurnosDataBase.INFO: MOVIMIENTO:  ["up"] []
[2020-06-16 23:05:15] LogABMTurnosDataBase.INFO: MOVIMIENTO:  ["left"] []
[2020-06-16 23:05:16] LogABMTurnosDataBase.INFO: MOVIMIENTO:  ["down"] []
[2020-06-16 23:05:17] LogABMTurnosDataBase.INFO: MOVIMIENTO:  ["up"] []
[2020-06-16 23:05:17] LogABMTurnosDataBase.INFO: MOVIMIENTO:  ["right"] []
[2020-06-16 23:05:18] LogABMTurnosDataBase.INFO: MOVIMIENTO:  ["down"] []
[2020-06-16 23:05:18] LogABMTurnosDataBase.INFO: MOVIMIENTO:  ["left"] []
[2020-06-16 23:05:19] LogABMTurnosDataBase.INFO: MOVIMIENTO:  ["up"] []
[2020-06-16 23:05:20] LogABMTurnosDataBase.INFO: MOVIMIENTO:  ["right"] []
[2020-06-16 23:05:20] LogABMTurnosDataBase.INFO: MOVIMIENTO:  ["up"] []
[2020-06-16 23:05:21] LogABMTurnosDataBase.INFO: MOVIMIENTO:  ["left"] []
[2020-06-16 23:05:21] LogABMTurnosDataBase.INFO: MOVIMIENTO:  ["down"] []
[2020-06-16 23:05:22] LogABMTurnosDataBase.INFO: MOVIMIENTO:  ["right"] []
[2020-06-16 23:05:23] LogABMTurnosDataBase.INFO: MOVIMIENTO:  ["up"] []
[2020-06-16 23:05:23] LogABMTurnosDataBase.INFO: MOVIMIENTO:  ["down"] []
[2020-06-16 23:05:24] LogABMTurnosDataBase.INFO: MOVIMIENTO:  ["right"] []
[2020-06-16 23:05:24] LogABMTurnosDataBase.INFO: MOVIMIENTO:  ["left"] []
[2020-06-16 23:05:25] LogABMTurnosDataBase.INFO: MOVIMIENTO:  ["down"] []
[2020-06-16 23:05:25] LogABMTurnosDataBase.INFO: MOVIMIENTO:  ["right"] []
[2020-06-16 23:05:26] LogABMTurnosDataBase.INFO: MOVIMIENTO:  ["left"] []
[2020-06-16 23:05:26] LogABMTurnosDataBase.INFO: MOVIMIENTO:  ["right"] []
[2020-06-16 23:05:27] LogABMTurnosDataBase.INFO: MOVIMIENTO:  ["up"] []
[2020-06-16 23:05:27] LogABMTurnosDataBase.INFO: MOVIMIENTO:  ["left"] []
[2020-06-16 23:05:28] LogABMTurnosDataBase.INFO: MOVIMIENTO:  ["down"] []
[2020-06-16 23:05:28] LogABMTurnosDataBase.INFO: MOVIMIENTO:  ["up"] []
[2020-06-16 23:05:29] LogABMTurnosDataBase.INFO: MOVIMIENTO:  ["up"] []
[2020-06-16 23:05:29] LogABMTurnosDataBase.INFO: MOVIMIENTO:  ["down"] []
[2020-06-16 23:05:29] LogABMTurnosDataBase.INFO: MOVIMIENTO:  ["right"] []
[2020-06-16 23:05:30] LogABMTurnosDataBase.INFO: MOVIMIENTO:  ["left"] []
[2020-06-16 23:05:30] LogABMTurnosDataBase.INFO: MOVIMIENTO:  ["up"] []
[2020-06-16 23:05:30] LogABMTurnosDataBase.INFO: MOVIMIENTO:  ["right"] []
[2020-06-16 23:05:31] LogABMTurnosDataBase.INFO: MOVIMIENTO:  ["left"] []
[2020-06-16 23:05:31] LogABMTurnosDataBase.INFO: MOVIMIENTO:  ["up"] []
[2020-06-16 23:05:31] LogABMTurnosDataBase.INFO: MOVIMIENTO:  ["right"] []
[2020-06-16 23:05:32] LogABMTurnosDataBase.INFO: MOVIMIENTO:  ["left"] []
[2020-06-16 23:05:32] LogABMTurnosDataBase.INFO: MOVIMIENTO:  ["up"] []
[2020-06-16 23:05:32] LogABMTurnosDataBase.INFO: MOVIMIENTO:  ["down"] []
[2020-06-16 23:05:33] LogABMTurnosDataBase.INFO: MOVIMIENTO:  ["right"] []
[2020-06-16 23:07:07] LogABMTurnosDataBase.INFO: MOVIMIENTO:  ["down"] []
[2020-06-16 23:54:14] LogABMTurnosDataBase.INFO: MOVIMIENTO:  ["letra-s"] []
[2020-06-16 23:54:24] LogABMTurnosDataBase.INFO: MOVIMIENTO:  ["left"] []
[2020-06-16 23:54:24] LogABMTurnosDataBase.INFO: MOVIMIENTO:  ["left"] []
[2020-06-16 23:54:25] LogABMTurnosDataBase.INFO: MOVIMIENTO:  ["down"] []
[2020-06-16 23:54:26] LogABMTurnosDataBase.INFO: MOVIMIENTO:  ["down"] []
[2020-06-16 23:54:26] LogABMTurnosDataBase.INFO: MOVIMIENTO:  ["down"] []
[2020-06-16 23:54:29] LogABMTurnosDataBase.INFO: MOVIMIENTO:  ["right"] []
[2020-06-16 23:54:30] LogABMTurnosDataBase.INFO: MOVIMIENTO:  ["up"] []
[2020-06-16 23:54:31] LogABMTurnosDataBase.INFO: MOVIMIENTO:  ["right"] []
[2020-06-16 23:54:32] LogABMTurnosDataBase.INFO: MOVIMIENTO:  ["down"] []
[2020-06-16 23:54:33] LogABMTurnosDataBase.INFO: MOVIMIENTO:  ["down"] []
[2020-06-16 23:54:33] LogABMTurnosDataBase.INFO: MOVIMIENTO:  ["down"] []
[2020-06-16 23:54:33] LogABMTurnosDataBase.INFO: MOVIMIENTO:  ["down"] []
[2020-06-16 23:54:33] LogABMTurnosDataBase.INFO: MOVIMIENTO:  ["down"] []
[2020-06-16 23:54:34] LogABMTurnosDataBase.INFO: MOVIMIENTO:  ["right"] []
[2020-06-16 23:54:34] LogABMTurnosDataBase.INFO: MOVIMIENTO:  ["right"] []
[2020-06-16 23:54:34] LogABMTurnosDataBase.INFO: MOVIMIENTO:  ["right"] []
[2020-06-16 23:54:34] LogABMTurnosDataBase.INFO: MOVIMIENTO:  ["left"] []
[2020-06-16 23:54:34] LogABMTurnosDataBase.INFO: MOVIMIENTO:  ["right"] []
[2020-06-16 23:54:35] LogABMTurnosDataBase.INFO: MOVIMIENTO:  ["right"] []
[2020-06-16 23:54:35] LogABMTurnosDataBase.INFO: MOVIMIENTO:  ["right"] []
[2020-06-16 23:54:35] LogABMTurnosDataBase.INFO: MOVIMIENTO:  ["right"] []
[2020-06-16 23:54:35] LogABMTurnosDataBase.INFO: MOVIMIENTO:  ["right"] []
[2020-06-16 23:54:35] LogABMTurnosDataBase.INFO: MOVIMIENTO:  ["up"] []
[2020-06-16 23:54:36] LogABMTurnosDataBase.INFO: MOVIMIENTO:  ["right"] []
[2020-06-16 23:54:36] LogABMTurnosDataBase.INFO: MOVIMIENTO:  ["right"] []
[2020-06-16 23:54:36] LogABMTurnosDataBase.INFO: MOVIMIENTO:  ["right"] []
[2020-06-16 23:57:32] LogABMTurnosDataBase.INFO: MOVIMIENTO:  ["right"] []
[2020-06-16 23:57:32] LogABMTurnosDataBase.INFO: MOVIMIENTO:  ["right"] []
[2020-06-16 23:57:32] LogABMTurnosDataBase.INFO: MOVIMIENTO:  ["right"] []
[2020-06-16 23:57:32] LogABMTurnosDataBase.INFO: MOVIMIENTO:  ["right"] []
[2020-06-16 23:57:32] LogABMTurnosDataBase.INFO: MOVIMIENTO:  ["right"] []
[2020-06-16 23:57:33] LogABMTurnosDataBase.INFO: MOVIMIENTO:  ["right"] []
[2020-06-16 23:57:33] LogABMTurnosDataBase.INFO: MOVIMIENTO:  ["right"] []
[2020-06-16 23:57:33] LogABMTurnosDataBase.INFO: MOVIMIENTO:  ["right"] []
[2020-06-16 23:57:33] LogABMTurnosDataBase.INFO: MOVIMIENTO:  ["right"] []
[2020-06-16 23:57:33] LogABMTurnosDataBase.INFO: MOVIMIENTO:  ["right"] []
[2020-06-16 23:57:34] LogABMTurnosDataBase.INFO: MOVIMIENTO:  ["left"] []
