[2020-06-17 00:29:04] LogABMTurnosDataBase.INFO: MOVIMIENTO:  ["letra-s"] []
[2020-06-17 00:30:45] LogABMTurnosDataBase.INFO: MOVIMIENTO:  ["letra-s"] []
[2020-06-17 00:30:46] LogABMTurnosDataBase.INFO: MOVIMIENTO:  ["right"] []
[2020-06-17 00:30:46] LogABMTurnosDataBase.INFO: MOVIMIENTO:  ["up"] []
[2020-06-17 00:30:47] LogABMTurnosDataBase.INFO: MOVIMIENTO:  ["down"] []
[2020-06-17 00:30:50] LogABMTurnosDataBase.INFO: MOVIMIENTO:  ["left"] []
[2020-06-17 00:30:50] LogABMTurnosDataBase.INFO: MOVIMIENTO:  ["up"] []
[2020-06-17 00:30:50] LogABMTurnosDataBase.INFO: MOVIMIENTO:  ["down"] []
[2020-06-17 00:30:51] LogABMTurnosDataBase.INFO: MOVIMIENTO:  ["up"] []
[2020-06-17 00:30:51] LogABMTurnosDataBase.INFO: MOVIMIENTO:  ["right"] []
[2020-06-17 00:30:52] LogABMTurnosDataBase.INFO: MOVIMIENTO:  ["down"] []
[2020-06-17 00:30:53] LogABMTurnosDataBase.INFO: MOVIMIENTO:  ["down"] []
[2020-06-17 00:30:54] LogABMTurnosDataBase.INFO: MOVIMIENTO:  ["up"] []
[2020-06-17 00:30:55] LogABMTurnosDataBase.INFO: MOVIMIENTO:  ["down"] []
[2020-06-17 00:30:55] LogABMTurnosDataBase.INFO: MOVIMIENTO:  ["up"] []
[2020-06-17 00:30:56] LogABMTurnosDataBase.INFO: MOVIMIENTO:  ["up"] []
[2020-06-17 00:30:56] LogABMTurnosDataBase.INFO: MOVIMIENTO:  ["down"] []
[2020-06-17 00:30:57] LogABMTurnosDataBase.INFO: MOVIMIENTO:  ["up"] []
[2020-06-17 00:30:57] LogABMTurnosDataBase.INFO: MOVIMIENTO:  ["down"] []
[2020-06-17 00:30:58] LogABMTurnosDataBase.INFO: MOVIMIENTO:  ["up"] []
[2020-06-17 00:30:59] LogABMTurnosDataBase.INFO: MOVIMIENTO:  ["down"] []
[2020-06-17 00:30:59] LogABMTurnosDataBase.INFO: MOVIMIENTO:  ["up"] []
[2020-06-17 00:31:00] LogABMTurnosDataBase.INFO: MOVIMIENTO:  ["down"] []
[2020-06-17 00:31:00] LogABMTurnosDataBase.INFO: MOVIMIENTO:  ["up"] []
[2020-06-17 00:31:00] LogABMTurnosDataBase.INFO: MOVIMIENTO:  ["down"] []
[2020-06-17 00:31:00] LogABMTurnosDataBase.INFO: MOVIMIENTO:  ["up"] []
[2020-06-17 00:31:01] LogABMTurnosDataBase.INFO: MOVIMIENTO:  ["right"] []
[2020-06-17 00:31:02] LogABMTurnosDataBase.INFO: MOVIMIENTO:  ["down"] []
[2020-06-17 00:31:02] LogABMTurnosDataBase.INFO: MOVIMIENTO:  ["up"] []
[2020-06-17 00:31:03] LogABMTurnosDataBase.INFO: MOVIMIENTO:  ["up"] []
[2020-06-17 00:31:04] LogABMTurnosDataBase.INFO: MOVIMIENTO:  ["up"] []
[2020-06-17 00:31:09] LogABMTurnosDataBase.INFO: MOVIMIENTO:  ["down"] []
[2020-06-17 00:31:10] LogABMTurnosDataBase.INFO: MOVIMIENTO:  ["left"] []
[2020-06-17 00:31:12] LogABMTurnosDataBase.INFO: MOVIMIENTO:  ["down"] []
[2020-06-17 00:31:12] LogABMTurnosDataBase.INFO: MOVIMIENTO:  ["right"] []
[2020-06-17 00:31:13] LogABMTurnosDataBase.INFO: MOVIMIENTO:  ["left"] []
[2020-06-17 00:31:15] LogABMTurnosDataBase.INFO: MOVIMIENTO:  ["left"] []
[2020-06-17 00:31:16] LogABMTurnosDataBase.INFO: MOVIMIENTO:  ["right"] []
[2020-06-17 00:31:17] LogABMTurnosDataBase.INFO: MOVIMIENTO:  ["left"] []
[2020-06-17 00:31:17] LogABMTurnosDataBase.INFO: MOVIMIENTO:  ["up"] []
[2020-06-17 00:31:18] LogABMTurnosDataBase.INFO: MOVIMIENTO:  ["right"] []
[2020-06-17 00:31:18] LogABMTurnosDataBase.INFO: MOVIMIENTO:  ["down"] []
[2020-06-17 00:31:20] LogABMTurnosDataBase.INFO: MOVIMIENTO:  ["up"] []
[2020-06-17 00:31:20] LogABMTurnosDataBase.INFO: MOVIMIENTO:  ["right"] []
[2020-06-17 00:31:20] LogABMTurnosDataBase.INFO: MOVIMIENTO:  ["down"] []
[2020-06-17 00:31:20] LogABMTurnosDataBase.INFO: MOVIMIENTO:  ["left"] []
[2020-06-17 00:31:21] LogABMTurnosDataBase.INFO: MOVIMIENTO:  ["down"] []
[2020-06-17 00:31:22] LogABMTurnosDataBase.INFO: MOVIMIENTO:  ["down"] []
[2020-06-17 00:31:22] LogABMTurnosDataBase.INFO: MOVIMIENTO:  ["up"] []
[2020-06-17 00:31:23] LogABMTurnosDataBase.INFO: MOVIMIENTO:  ["right"] []
[2020-06-17 00:31:24] LogABMTurnosDataBase.INFO: MOVIMIENTO:  ["up"] []
[2020-06-17 00:31:24] LogABMTurnosDataBase.INFO: MOVIMIENTO:  ["left"] []
[2020-06-17 00:31:24] LogABMTurnosDataBase.INFO: MOVIMIENTO:  ["up"] []
[2020-06-17 00:31:25] LogABMTurnosDataBase.INFO: MOVIMIENTO:  ["down"] []
[2020-06-17 00:31:25] LogABMTurnosDataBase.INFO: MOVIMIENTO:  ["left"] []
[2020-06-17 00:31:26] LogABMTurnosDataBase.INFO: MOVIMIENTO:  ["up"] []
[2020-06-17 00:31:27] LogABMTurnosDataBase.INFO: MOVIMIENTO:  ["right"] []
[2020-06-17 00:31:27] LogABMTurnosDataBase.INFO: MOVIMIENTO:  ["down"] []
[2020-06-17 00:31:27] LogABMTurnosDataBase.INFO: MOVIMIENTO:  ["left"] []
[2020-06-17 00:31:28] LogABMTurnosDataBase.INFO: MOVIMIENTO:  ["up"] []
[2020-06-17 00:31:28] LogABMTurnosDataBase.INFO: MOVIMIENTO:  ["left"] []
[2020-06-17 00:31:29] LogABMTurnosDataBase.INFO: MOVIMIENTO:  ["down"] []
[2020-06-17 00:31:30] LogABMTurnosDataBase.INFO: MOVIMIENTO:  ["right"] []
[2020-06-17 00:31:30] LogABMTurnosDataBase.INFO: MOVIMIENTO:  ["right"] []
[2020-06-17 00:31:31] LogABMTurnosDataBase.INFO: MOVIMIENTO:  ["up"] []
[2020-06-17 00:31:32] LogABMTurnosDataBase.INFO: MOVIMIENTO:  ["down"] []
[2020-06-17 00:31:32] LogABMTurnosDataBase.INFO: MOVIMIENTO:  ["up"] []
[2020-06-17 00:31:33] LogABMTurnosDataBase.INFO: MOVIMIENTO:  ["down"] []
[2020-06-17 00:31:35] LogABMTurnosDataBase.INFO: MOVIMIENTO:  ["up"] []
[2020-06-17 00:32:07] LogABMTurnosDataBase.INFO: MOVIMIENTO:  ["letra-s"] []
[2020-06-17 00:32:25] LogABMTurnosDataBase.INFO: MOVIMIENTO:  ["letra-s"] []
[2020-06-17 00:32:26] LogABMTurnosDataBase.INFO: MOVIMIENTO:  ["down"] []
[2020-06-17 00:32:27] LogABMTurnosDataBase.INFO: MOVIMIENTO:  ["right"] []
[2020-06-17 00:32:28] LogABMTurnosDataBase.INFO: MOVIMIENTO:  ["down"] []
[2020-06-17 00:32:28] LogABMTurnosDataBase.INFO: MOVIMIENTO:  ["left"] []
[2020-06-17 00:32:29] LogABMTurnosDataBase.INFO: MOVIMIENTO:  ["up"] []
[2020-06-17 03:41:05] LogABMTurnosDataBase.INFO: MOVIMIENTO:  ["letra-s"] []
[2020-06-17 03:41:07] LogABMTurnosDataBase.INFO: MOVIMIENTO:  ["left"] []
[2020-06-17 03:41:08] LogABMTurnosDataBase.INFO: MOVIMIENTO:  ["up"] []
[2020-06-17 03:41:09] LogABMTurnosDataBase.INFO: MOVIMIENTO:  ["down"] []
[2020-06-17 03:41:09] LogABMTurnosDataBase.INFO: MOVIMIENTO:  ["up"] []
[2020-06-17 03:41:09] LogABMTurnosDataBase.INFO: MOVIMIENTO:  ["down"] []
[2020-06-17 03:41:10] LogABMTurnosDataBase.INFO: MOVIMIENTO:  ["right"] []
[2020-06-17 03:41:11] LogABMTurnosDataBase.INFO: MOVIMIENTO:  ["left"] []
[2020-06-17 03:41:12] LogABMTurnosDataBase.INFO: MOVIMIENTO:  ["up"] []
[2020-06-17 03:41:12] LogABMTurnosDataBase.INFO: MOVIMIENTO:  ["right"] []
[2020-06-17 03:41:14] LogABMTurnosDataBase.INFO: MOVIMIENTO:  ["down"] []
[2020-06-17 03:41:14] LogABMTurnosDataBase.INFO: MOVIMIENTO:  ["down"] []
[2020-06-17 03:41:15] LogABMTurnosDataBase.INFO: MOVIMIENTO:  ["left"] []
[2020-06-17 03:41:16] LogABMTurnosDataBase.INFO: MOVIMIENTO:  ["up"] []
[2020-06-17 03:41:17] LogABMTurnosDataBase.INFO: MOVIMIENTO:  ["right"] []
[2020-06-17 03:41:17] LogABMTurnosDataBase.INFO: MOVIMIENTO:  ["left"] []
[2020-06-17 03:41:18] LogABMTurnosDataBase.INFO: MOVIMIENTO:  ["right"] []
[2020-06-17 03:41:18] LogABMTurnosDataBase.INFO: MOVIMIENTO:  ["left"] []
[2020-06-17 03:41:18] LogABMTurnosDataBase.INFO: MOVIMIENTO:  ["right"] []
[2020-06-17 03:41:18] LogABMTurnosDataBase.INFO: MOVIMIENTO:  ["left"] []
[2020-06-17 03:41:18] LogABMTurnosDataBase.INFO: MOVIMIENTO:  ["left"] []
[2020-06-17 03:41:18] LogABMTurnosDataBase.INFO: MOVIMIENTO:  ["right"] []
[2020-06-17 03:41:19] LogABMTurnosDataBase.INFO: MOVIMIENTO:  ["left"] []
[2020-06-17 03:41:19] LogABMTurnosDataBase.INFO: MOVIMIENTO:  ["right"] []
[2020-06-17 03:41:19] LogABMTurnosDataBase.INFO: MOVIMIENTO:  ["left"] []
[2020-06-17 03:41:19] LogABMTurnosDataBase.INFO: MOVIMIENTO:  ["right"] []
[2020-06-17 03:41:19] LogABMTurnosDataBase.INFO: MOVIMIENTO:  ["left"] []
[2020-06-17 03:41:19] LogABMTurnosDataBase.INFO: MOVIMIENTO:  ["right"] []
[2020-06-17 03:41:19] LogABMTurnosDataBase.INFO: MOVIMIENTO:  ["left"] []
[2020-06-17 03:41:20] LogABMTurnosDataBase.INFO: MOVIMIENTO:  ["right"] []
[2020-06-17 03:41:20] LogABMTurnosDataBase.INFO: MOVIMIENTO:  ["left"] []
[2020-06-17 03:41:20] LogABMTurnosDataBase.INFO: MOVIMIENTO:  ["right"] []
[2020-06-17 03:41:20] LogABMTurnosDataBase.INFO: MOVIMIENTO:  ["left"] []
[2020-06-17 03:41:20] LogABMTurnosDataBase.INFO: MOVIMIENTO:  ["right"] []
[2020-06-17 03:41:25] LogABMTurnosDataBase.INFO: MOVIMIENTO:  ["down"] []
[2020-06-17 03:41:26] LogABMTurnosDataBase.INFO: MOVIMIENTO:  ["up"] []
[2020-06-17 03:41:26] LogABMTurnosDataBase.INFO: MOVIMIENTO:  ["down"] []
[2020-06-17 03:41:27] LogABMTurnosDataBase.INFO: MOVIMIENTO:  ["up"] []
[2020-06-17 03:41:27] LogABMTurnosDataBase.INFO: MOVIMIENTO:  ["down"] []
[2020-06-17 03:41:27] LogABMTurnosDataBase.INFO: MOVIMIENTO:  ["left"] []
[2020-06-17 03:41:28] LogABMTurnosDataBase.INFO: MOVIMIENTO:  ["right"] []
[2020-06-17 03:41:28] LogABMTurnosDataBase.INFO: MOVIMIENTO:  ["left"] []
[2020-06-17 03:41:29] LogABMTurnosDataBase.INFO: MOVIMIENTO:  ["right"] []
[2020-06-17 03:41:29] LogABMTurnosDataBase.INFO: MOVIMIENTO:  ["left"] []
[2020-06-17 03:41:29] LogABMTurnosDataBase.INFO: MOVIMIENTO:  ["up"] []
[2020-06-17 03:41:30] LogABMTurnosDataBase.INFO: MOVIMIENTO:  ["down"] []
[2020-06-17 03:41:30] LogABMTurnosDataBase.INFO: MOVIMIENTO:  ["up"] []
[2020-06-17 03:41:31] LogABMTurnosDataBase.INFO: MOVIMIENTO:  ["up"] []
[2020-06-17 03:41:31] LogABMTurnosDataBase.INFO: MOVIMIENTO:  ["down"] []
[2020-06-17 03:41:32] LogABMTurnosDataBase.INFO: MOVIMIENTO:  ["up"] []
[2020-06-17 03:41:32] LogABMTurnosDataBase.INFO: MOVIMIENTO:  ["down"] []
[2020-06-17 03:41:32] LogABMTurnosDataBase.INFO: MOVIMIENTO:  ["up"] []
[2020-06-17 03:41:33] LogABMTurnosDataBase.INFO: MOVIMIENTO:  ["down"] []
[2020-06-17 03:41:33] LogABMTurnosDataBase.INFO: MOVIMIENTO:  ["up"] []
[2020-06-17 03:41:34] LogABMTurnosDataBase.INFO: MOVIMIENTO:  ["down"] []
[2020-06-17 03:41:35] LogABMTurnosDataBase.INFO: MOVIMIENTO:  ["right"] []
[2020-06-17 03:41:36] LogABMTurnosDataBase.INFO: MOVIMIENTO:  ["up"] []
[2020-06-17 03:41:36] LogABMTurnosDataBase.INFO: MOVIMIENTO:  ["up"] []
[2020-06-17 03:41:36] LogABMTurnosDataBase.INFO: MOVIMIENTO:  ["down"] []
[2020-06-17 03:41:37] LogABMTurnosDataBase.INFO: MOVIMIENTO:  ["up"] []
[2020-06-17 03:43:44] LogABMTurnosDataBase.INFO: MOVIMIENTO:  ["letra-s"] []
[2020-06-17 03:43:51] LogABMTurnosDataBase.INFO: MOVIMIENTO:  ["right"] []
[2020-06-17 03:43:52] LogABMTurnosDataBase.INFO: MOVIMIENTO:  ["left"] []
[2020-06-17 03:43:52] LogABMTurnosDataBase.INFO: MOVIMIENTO:  ["right"] []
[2020-06-17 03:43:53] LogABMTurnosDataBase.INFO: MOVIMIENTO:  ["left"] []
[2020-06-17 03:43:53] LogABMTurnosDataBase.INFO: MOVIMIENTO:  ["right"] []
[2020-06-17 03:43:54] LogABMTurnosDataBase.INFO: MOVIMIENTO:  ["down"] []
[2020-06-17 03:43:54] LogABMTurnosDataBase.INFO: MOVIMIENTO:  ["left"] []
[2020-06-17 03:43:54] LogABMTurnosDataBase.INFO: MOVIMIENTO:  ["right"] []
[2020-06-17 03:43:55] LogABMTurnosDataBase.INFO: MOVIMIENTO:  ["left"] []
[2020-06-17 03:43:55] LogABMTurnosDataBase.INFO: MOVIMIENTO:  ["down"] []
[2020-06-17 03:43:56] LogABMTurnosDataBase.INFO: MOVIMIENTO:  ["up"] []
[2020-06-17 03:43:57] LogABMTurnosDataBase.INFO: MOVIMIENTO:  ["up"] []
[2020-06-17 03:43:57] LogABMTurnosDataBase.INFO: MOVIMIENTO:  ["right"] []
[2020-06-17 03:43:58] LogABMTurnosDataBase.INFO: MOVIMIENTO:  ["down"] []
[2020-06-17 03:43:58] LogABMTurnosDataBase.INFO: MOVIMIENTO:  ["left"] []
[2020-06-17 03:43:59] LogABMTurnosDataBase.INFO: MOVIMIENTO:  ["up"] []
[2020-06-17 03:44:01] LogABMTurnosDataBase.INFO: MOVIMIENTO:  ["right"] []
[2020-06-17 03:44:02] LogABMTurnosDataBase.INFO: MOVIMIENTO:  ["down"] []
[2020-06-17 03:44:02] LogABMTurnosDataBase.INFO: MOVIMIENTO:  ["left"] []
[2020-06-17 03:44:03] LogABMTurnosDataBase.INFO: MOVIMIENTO:  ["down"] []
[2020-06-17 03:44:03] LogABMTurnosDataBase.INFO: MOVIMIENTO:  ["right"] []
[2020-06-17 03:44:04] LogABMTurnosDataBase.INFO: MOVIMIENTO:  ["right"] []
[2020-06-17 03:44:05] LogABMTurnosDataBase.INFO: MOVIMIENTO:  ["up"] []
[2020-06-17 03:44:05] LogABMTurnosDataBase.INFO: MOVIMIENTO:  ["left"] []
[2020-06-17 03:44:06] LogABMTurnosDataBase.INFO: MOVIMIENTO:  ["down"] []
[2020-06-17 03:44:07] LogABMTurnosDataBase.INFO: MOVIMIENTO:  ["up"] []
[2020-06-17 03:44:09] LogABMTurnosDataBase.INFO: MOVIMIENTO:  ["up"] []
[2020-06-17 03:44:10] LogABMTurnosDataBase.INFO: MOVIMIENTO:  ["right"] []
[2020-06-17 03:44:11] LogABMTurnosDataBase.INFO: MOVIMIENTO:  ["down"] []
[2020-06-17 03:44:11] LogABMTurnosDataBase.INFO: MOVIMIENTO:  ["down"] []
[2020-06-17 03:44:12] LogABMTurnosDataBase.INFO: MOVIMIENTO:  ["left"] []
[2020-06-17 03:44:13] LogABMTurnosDataBase.INFO: MOVIMIENTO:  ["up"] []
[2020-06-17 03:44:16] LogABMTurnosDataBase.INFO: MOVIMIENTO:  ["left"] []
[2020-06-17 03:44:16] LogABMTurnosDataBase.INFO: MOVIMIENTO:  ["down"] []
[2020-06-17 03:44:17] LogABMTurnosDataBase.INFO: MOVIMIENTO:  ["right"] []
[2020-06-17 03:44:17] LogABMTurnosDataBase.INFO: MOVIMIENTO:  ["up"] []
[2020-06-17 03:44:18] LogABMTurnosDataBase.INFO: MOVIMIENTO:  ["left"] []
[2020-06-17 03:44:18] LogABMTurnosDataBase.INFO: MOVIMIENTO:  ["down"] []
[2020-06-17 03:44:20] LogABMTurnosDataBase.INFO: MOVIMIENTO:  ["up"] []
[2020-06-17 03:44:20] LogABMTurnosDataBase.INFO: MOVIMIENTO:  ["right"] []
[2020-06-17 03:44:21] LogABMTurnosDataBase.INFO: MOVIMIENTO:  ["right"] []
[2020-06-17 03:44:25] LogABMTurnosDataBase.INFO: MOVIMIENTO:  ["up"] []
[2020-06-17 03:44:26] LogABMTurnosDataBase.INFO: MOVIMIENTO:  ["left"] []
[2020-06-17 03:44:26] LogABMTurnosDataBase.INFO: MOVIMIENTO:  ["down"] []
[2020-06-17 03:44:27] LogABMTurnosDataBase.INFO: MOVIMIENTO:  ["right"] []
[2020-06-17 03:44:28] LogABMTurnosDataBase.INFO: MOVIMIENTO:  ["up"] []
[2020-06-17 03:44:28] LogABMTurnosDataBase.INFO: MOVIMIENTO:  ["right"] []
[2020-06-17 03:44:29] LogABMTurnosDataBase.INFO: MOVIMIENTO:  ["down"] []
[2020-06-17 03:44:31] LogABMTurnosDataBase.INFO: MOVIMIENTO:  ["down"] []
[2020-06-17 03:44:31] LogABMTurnosDataBase.INFO: MOVIMIENTO:  ["left"] []
[2020-06-17 03:44:33] LogABMTurnosDataBase.INFO: MOVIMIENTO:  ["right"] []
[2020-06-17 03:44:33] LogABMTurnosDataBase.INFO: MOVIMIENTO:  ["up"] []
[2020-06-17 03:44:34] LogABMTurnosDataBase.INFO: MOVIMIENTO:  ["up"] []
[2020-06-17 03:44:34] LogABMTurnosDataBase.INFO: MOVIMIENTO:  ["left"] []
[2020-06-17 03:44:35] LogABMTurnosDataBase.INFO: MOVIMIENTO:  ["down"] []
[2020-06-17 03:44:36] LogABMTurnosDataBase.INFO: MOVIMIENTO:  ["right"] []
[2020-06-17 03:44:37] LogABMTurnosDataBase.INFO: MOVIMIENTO:  ["up"] []
[2020-06-17 03:44:37] LogABMTurnosDataBase.INFO: MOVIMIENTO:  ["right"] []
[2020-06-17 03:44:38] LogABMTurnosDataBase.INFO: MOVIMIENTO:  ["left"] []
[2020-06-17 03:44:39] LogABMTurnosDataBase.INFO: MOVIMIENTO:  ["down"] []
[2020-06-17 03:44:41] LogABMTurnosDataBase.INFO: MOVIMIENTO:  ["right"] []
[2020-06-17 03:44:42] LogABMTurnosDataBase.INFO: MOVIMIENTO:  ["left"] []
[2020-06-17 03:44:43] LogABMTurnosDataBase.INFO: MOVIMIENTO:  ["left"] []
[2020-06-17 03:44:43] LogABMTurnosDataBase.INFO: MOVIMIENTO:  ["down"] []
[2020-06-17 03:44:43] LogABMTurnosDataBase.INFO: MOVIMIENTO:  ["up"] []
[2020-06-17 03:44:44] LogABMTurnosDataBase.INFO: MOVIMIENTO:  ["right"] []
[2020-06-17 03:44:44] LogABMTurnosDataBase.INFO: MOVIMIENTO:  ["down"] []
[2020-06-17 03:44:45] LogABMTurnosDataBase.INFO: MOVIMIENTO:  ["right"] []
[2020-06-17 03:44:46] LogABMTurnosDataBase.INFO: MOVIMIENTO:  ["up"] []
[2020-06-17 03:44:47] LogABMTurnosDataBase.INFO: MOVIMIENTO:  ["up"] []
[2020-06-17 03:44:49] LogABMTurnosDataBase.INFO: MOVIMIENTO:  ["left"] []
[2020-06-17 03:44:52] LogABMTurnosDataBase.INFO: MOVIMIENTO:  ["down"] []
[2020-06-17 03:44:53] LogABMTurnosDataBase.INFO: MOVIMIENTO:  ["down"] []
[2020-06-17 03:44:54] LogABMTurnosDataBase.INFO: MOVIMIENTO:  ["left"] []
[2020-06-17 03:44:54] LogABMTurnosDataBase.INFO: MOVIMIENTO:  ["up"] []
[2020-06-17 03:44:55] LogABMTurnosDataBase.INFO: MOVIMIENTO:  ["right"] []
[2020-06-17 03:44:56] LogABMTurnosDataBase.INFO: MOVIMIENTO:  ["left"] []
[2020-06-17 03:44:56] LogABMTurnosDataBase.INFO: MOVIMIENTO:  ["right"] []
[2020-06-17 03:44:56] LogABMTurnosDataBase.INFO: MOVIMIENTO:  ["left"] []
[2020-06-17 03:44:58] LogABMTurnosDataBase.INFO: MOVIMIENTO:  ["right"] []
[2020-06-17 03:44:59] LogABMTurnosDataBase.INFO: MOVIMIENTO:  ["up"] []
[2020-06-17 03:45:00] LogABMTurnosDataBase.INFO: MOVIMIENTO:  ["left"] []
[2020-06-17 03:45:00] LogABMTurnosDataBase.INFO: MOVIMIENTO:  ["down"] []
[2020-06-17 03:45:01] LogABMTurnosDataBase.INFO: MOVIMIENTO:  ["right"] []
[2020-06-17 03:45:02] LogABMTurnosDataBase.INFO: MOVIMIENTO:  ["up"] []
[2020-06-17 03:45:03] LogABMTurnosDataBase.INFO: MOVIMIENTO:  ["left"] []
[2020-06-17 03:45:04] LogABMTurnosDataBase.INFO: MOVIMIENTO:  ["down"] []
[2020-06-17 03:45:07] LogABMTurnosDataBase.INFO: MOVIMIENTO:  ["up"] []
[2020-06-17 03:45:10] LogABMTurnosDataBase.INFO: MOVIMIENTO:  ["right"] []
[2020-06-17 03:45:11] LogABMTurnosDataBase.INFO: MOVIMIENTO:  ["down"] []
[2020-06-17 03:45:12] LogABMTurnosDataBase.INFO: MOVIMIENTO:  ["left"] []
[2020-06-17 03:45:12] LogABMTurnosDataBase.INFO: MOVIMIENTO:  ["up"] []
[2020-06-17 03:45:13] LogABMTurnosDataBase.INFO: MOVIMIENTO:  ["right"] []
[2020-06-17 03:45:14] LogABMTurnosDataBase.INFO: MOVIMIENTO:  ["right"] []
[2020-06-17 03:45:15] LogABMTurnosDataBase.INFO: MOVIMIENTO:  ["down"] []
[2020-06-17 03:45:16] LogABMTurnosDataBase.INFO: MOVIMIENTO:  ["down"] []
[2020-06-17 03:45:16] LogABMTurnosDataBase.INFO: MOVIMIENTO:  ["down"] []
[2020-06-17 03:45:17] LogABMTurnosDataBase.INFO: MOVIMIENTO:  ["up"] []
[2020-06-17 03:45:18] LogABMTurnosDataBase.INFO: MOVIMIENTO:  ["down"] []
[2020-06-17 03:45:19] LogABMTurnosDataBase.INFO: MOVIMIENTO:  ["left"] []
[2020-06-17 03:45:20] LogABMTurnosDataBase.INFO: MOVIMIENTO:  ["up"] []
[2020-06-17 03:45:22] LogABMTurnosDataBase.INFO: MOVIMIENTO:  ["up"] []
[2020-06-17 03:45:22] LogABMTurnosDataBase.INFO: MOVIMIENTO:  ["right"] []
[2020-06-17 03:45:23] LogABMTurnosDataBase.INFO: MOVIMIENTO:  ["left"] []
[2020-06-17 03:45:24] LogABMTurnosDataBase.INFO: MOVIMIENTO:  ["left"] []
[2020-06-17 03:45:24] LogABMTurnosDataBase.INFO: MOVIMIENTO:  ["down"] []
[2020-06-17 03:45:25] LogABMTurnosDataBase.INFO: MOVIMIENTO:  ["left"] []
[2020-06-17 03:45:25] LogABMTurnosDataBase.INFO: MOVIMIENTO:  ["right"] []
[2020-06-17 03:45:26] LogABMTurnosDataBase.INFO: MOVIMIENTO:  ["down"] []
[2020-06-17 03:45:27] LogABMTurnosDataBase.INFO: MOVIMIENTO:  ["up"] []
[2020-06-17 03:45:29] LogABMTurnosDataBase.INFO: MOVIMIENTO:  ["up"] []
[2020-06-17 03:45:30] LogABMTurnosDataBase.INFO: MOVIMIENTO:  ["down"] []
[2020-06-17 03:45:32] LogABMTurnosDataBase.INFO: MOVIMIENTO:  ["right"] []
[2020-06-17 03:45:36] LogABMTurnosDataBase.INFO: MOVIMIENTO:  ["down"] []
[2020-06-17 03:45:42] LogABMTurnosDataBase.INFO: MOVIMIENTO:  ["left"] []
[2020-06-17 03:45:43] LogABMTurnosDataBase.INFO: MOVIMIENTO:  ["right"] []
[2020-06-17 03:45:46] LogABMTurnosDataBase.INFO: MOVIMIENTO:  ["left"] []
[2020-06-17 03:45:47] LogABMTurnosDataBase.INFO: MOVIMIENTO:  ["right"] []
[2020-06-17 03:45:47] LogABMTurnosDataBase.INFO: MOVIMIENTO:  ["up"] []
[2020-06-17 03:45:48] LogABMTurnosDataBase.INFO: MOVIMIENTO:  ["up"] []
[2020-06-17 03:45:50] LogABMTurnosDataBase.INFO: MOVIMIENTO:  ["down"] []
[2020-06-17 03:49:04] LogABMTurnosDataBase.INFO: MOVIMIENTO:  ["up"] []
[2020-06-17 03:49:04] LogABMTurnosDataBase.INFO: MOVIMIENTO:  ["left"] []
[2020-06-17 03:49:05] LogABMTurnosDataBase.INFO: MOVIMIENTO:  ["left"] []
[2020-06-17 03:49:07] LogABMTurnosDataBase.INFO: MOVIMIENTO:  ["down"] []
[2020-06-17 03:49:07] LogABMTurnosDataBase.INFO: MOVIMIENTO:  ["down"] []
[2020-06-17 03:49:09] LogABMTurnosDataBase.INFO: MOVIMIENTO:  ["right"] []
[2020-06-17 03:49:15] LogABMTurnosDataBase.INFO: MOVIMIENTO:  ["up"] []
[2020-06-17 03:49:18] LogABMTurnosDataBase.INFO: MOVIMIENTO:  ["up"] []
[2020-06-17 03:49:18] LogABMTurnosDataBase.INFO: MOVIMIENTO:  ["down"] []
[2020-06-17 03:49:19] LogABMTurnosDataBase.INFO: MOVIMIENTO:  ["right"] []
[2020-06-17 03:49:20] LogABMTurnosDataBase.INFO: MOVIMIENTO:  ["up"] []
[2020-06-17 03:49:21] LogABMTurnosDataBase.INFO: MOVIMIENTO:  ["left"] []
[2020-06-17 03:49:21] LogABMTurnosDataBase.INFO: MOVIMIENTO:  ["down"] []
[2020-06-17 03:49:22] LogABMTurnosDataBase.INFO: MOVIMIENTO:  ["down"] []
[2020-06-17 03:49:22] LogABMTurnosDataBase.INFO: MOVIMIENTO:  ["down"] []
[2020-06-17 03:49:22] LogABMTurnosDataBase.INFO: MOVIMIENTO:  ["left"] []
[2020-06-17 03:49:23] LogABMTurnosDataBase.INFO: MOVIMIENTO:  ["up"] []
[2020-06-17 03:49:23] LogABMTurnosDataBase.INFO: MOVIMIENTO:  ["up"] []
[2020-06-17 03:49:27] LogABMTurnosDataBase.INFO: MOVIMIENTO:  ["down"] []
[2020-06-17 03:49:28] LogABMTurnosDataBase.INFO: MOVIMIENTO:  ["up"] []
[2020-06-17 03:49:36] LogABMTurnosDataBase.INFO: MOVIMIENTO:  ["right"] []
[2020-06-17 03:49:37] LogABMTurnosDataBase.INFO: MOVIMIENTO:  ["right"] []
[2020-06-17 03:49:37] LogABMTurnosDataBase.INFO: MOVIMIENTO:  ["down"] []
[2020-06-17 03:49:39] LogABMTurnosDataBase.INFO: MOVIMIENTO:  ["left"] []
[2020-06-17 03:49:40] LogABMTurnosDataBase.INFO: MOVIMIENTO:  ["up"] []
[2020-06-17 03:49:41] LogABMTurnosDataBase.INFO: MOVIMIENTO:  ["left"] []
[2020-06-17 03:49:42] LogABMTurnosDataBase.INFO: MOVIMIENTO:  ["down"] []
[2020-06-17 03:49:43] LogABMTurnosDataBase.INFO: MOVIMIENTO:  ["right"] []
[2020-06-17 03:49:45] LogABMTurnosDataBase.INFO: MOVIMIENTO:  ["up"] []
[2020-06-17 03:49:46] LogABMTurnosDataBase.INFO: MOVIMIENTO:  ["right"] []
[2020-06-17 03:49:47] LogABMTurnosDataBase.INFO: MOVIMIENTO:  ["left"] []
[2020-06-17 03:49:48] LogABMTurnosDataBase.INFO: MOVIMIENTO:  ["down"] []
[2020-06-17 03:49:48] LogABMTurnosDataBase.INFO: MOVIMIENTO:  ["down"] []
[2020-06-17 03:49:49] LogABMTurnosDataBase.INFO: MOVIMIENTO:  ["up"] []
[2020-06-17 03:49:49] LogABMTurnosDataBase.INFO: MOVIMIENTO:  ["down"] []
[2020-06-17 03:49:49] LogABMTurnosDataBase.INFO: MOVIMIENTO:  ["right"] []
[2020-06-17 03:49:50] LogABMTurnosDataBase.INFO: MOVIMIENTO:  ["up"] []
[2020-06-17 03:49:50] LogABMTurnosDataBase.INFO: MOVIMIENTO:  ["up"] []
[2020-06-17 03:49:53] LogABMTurnosDataBase.INFO: MOVIMIENTO:  ["left"] []
[2020-06-17 03:49:55] LogABMTurnosDataBase.INFO: MOVIMIENTO:  ["down"] []
[2020-06-17 03:49:59] LogABMTurnosDataBase.INFO: MOVIMIENTO:  ["left"] []
[2020-06-17 03:50:00] LogABMTurnosDataBase.INFO: MOVIMIENTO:  ["up"] []
[2020-06-17 03:50:01] LogABMTurnosDataBase.INFO: MOVIMIENTO:  ["right"] []
[2020-06-17 03:50:03] LogABMTurnosDataBase.INFO: MOVIMIENTO:  ["left"] []
[2020-06-17 03:50:11] LogABMTurnosDataBase.INFO: MOVIMIENTO:  ["right"] []
[2020-06-17 03:50:28] LogABMTurnosDataBase.INFO: MOVIMIENTO:  ["down"] []
[2020-06-17 03:50:30] LogABMTurnosDataBase.INFO: MOVIMIENTO:  ["down"] []
[2020-06-17 03:50:31] LogABMTurnosDataBase.INFO: MOVIMIENTO:  ["left"] []
[2020-06-17 03:50:32] LogABMTurnosDataBase.INFO: MOVIMIENTO:  ["up"] []
[2020-06-17 03:50:33] LogABMTurnosDataBase.INFO: MOVIMIENTO:  ["right"] []
[2020-06-17 03:50:34] LogABMTurnosDataBase.INFO: MOVIMIENTO:  ["left"] []
[2020-06-17 03:50:35] LogABMTurnosDataBase.INFO: MOVIMIENTO:  ["up"] []
[2020-06-17 03:50:36] LogABMTurnosDataBase.INFO: MOVIMIENTO:  ["left"] []
[2020-06-17 03:50:37] LogABMTurnosDataBase.INFO: MOVIMIENTO:  ["right"] []
[2020-06-17 03:50:40] LogABMTurnosDataBase.INFO: MOVIMIENTO:  ["down"] []
[2020-06-17 03:50:43] LogABMTurnosDataBase.INFO: MOVIMIENTO:  ["left"] []
[2020-06-17 03:50:44] LogABMTurnosDataBase.INFO: MOVIMIENTO:  ["up"] []
[2020-06-17 03:50:45] LogABMTurnosDataBase.INFO: MOVIMIENTO:  ["right"] []
[2020-06-17 03:50:45] LogABMTurnosDataBase.INFO: MOVIMIENTO:  ["down"] []
[2020-06-17 03:50:46] LogABMTurnosDataBase.INFO: MOVIMIENTO:  ["down"] []
[2020-06-17 03:50:47] LogABMTurnosDataBase.INFO: MOVIMIENTO:  ["left"] []
[2020-06-17 03:50:48] LogABMTurnosDataBase.INFO: MOVIMIENTO:  ["up"] []
[2020-06-17 03:50:48] LogABMTurnosDataBase.INFO: MOVIMIENTO:  ["up"] []
[2020-06-17 03:50:49] LogABMTurnosDataBase.INFO: MOVIMIENTO:  ["right"] []
[2020-06-17 03:50:50] LogABMTurnosDataBase.INFO: MOVIMIENTO:  ["down"] []
[2020-06-17 03:50:51] LogABMTurnosDataBase.INFO: MOVIMIENTO:  ["right"] []
[2020-06-17 03:50:51] LogABMTurnosDataBase.INFO: MOVIMIENTO:  ["left"] []
[2020-06-17 03:50:52] LogABMTurnosDataBase.INFO: MOVIMIENTO:  ["down"] []
[2020-06-17 03:50:53] LogABMTurnosDataBase.INFO: MOVIMIENTO:  ["left"] []
[2020-06-17 03:50:53] LogABMTurnosDataBase.INFO: MOVIMIENTO:  ["up"] []
[2020-06-17 03:50:54] LogABMTurnosDataBase.INFO: MOVIMIENTO:  ["up"] []
[2020-06-17 03:50:55] LogABMTurnosDataBase.INFO: MOVIMIENTO:  ["right"] []
[2020-06-17 03:50:57] LogABMTurnosDataBase.INFO: MOVIMIENTO:  ["down"] []
[2020-06-17 03:50:59] LogABMTurnosDataBase.INFO: MOVIMIENTO:  ["down"] []
[2020-06-17 03:51:00] LogABMTurnosDataBase.INFO: MOVIMIENTO:  ["left"] []
[2020-06-17 03:51:03] LogABMTurnosDataBase.INFO: MOVIMIENTO:  ["up"] []
[2020-06-17 03:51:10] LogABMTurnosDataBase.INFO: MOVIMIENTO:  ["up"] []
[2020-06-17 04:55:13] LogABMTurnosDataBase.INFO: MOVIMIENTO:  ["right"] []
[2020-06-17 04:55:15] LogABMTurnosDataBase.INFO: MOVIMIENTO:  ["down"] []
[2020-06-17 04:55:16] LogABMTurnosDataBase.INFO: MOVIMIENTO:  ["left"] []
[2020-06-17 04:55:17] LogABMTurnosDataBase.INFO: MOVIMIENTO:  ["up"] []
[2020-06-17 04:55:18] LogABMTurnosDataBase.INFO: MOVIMIENTO:  ["up"] []
[2020-06-17 04:55:18] LogABMTurnosDataBase.INFO: MOVIMIENTO:  ["left"] []
[2020-06-17 04:55:21] LogABMTurnosDataBase.INFO: MOVIMIENTO:  ["down"] []
[2020-06-17 04:55:22] LogABMTurnosDataBase.INFO: MOVIMIENTO:  ["down"] []
[2020-06-17 04:55:22] LogABMTurnosDataBase.INFO: MOVIMIENTO:  ["left"] []
[2020-06-17 04:55:23] LogABMTurnosDataBase.INFO: MOVIMIENTO:  ["up"] []
[2020-06-17 04:55:23] LogABMTurnosDataBase.INFO: MOVIMIENTO:  ["down"] []
[2020-06-17 04:55:24] LogABMTurnosDataBase.INFO: MOVIMIENTO:  ["right"] []
[2020-06-17 04:55:24] LogABMTurnosDataBase.INFO: MOVIMIENTO:  ["up"] []
[2020-06-17 04:55:24] LogABMTurnosDataBase.INFO: MOVIMIENTO:  ["left"] []
[2020-06-17 04:55:29] LogABMTurnosDataBase.INFO: MOVIMIENTO:  ["right"] []
[2020-06-17 04:55:29] LogABMTurnosDataBase.INFO: MOVIMIENTO:  ["right"] []
[2020-06-17 04:55:31] LogABMTurnosDataBase.INFO: MOVIMIENTO:  ["down"] []
[2020-06-17 04:55:31] LogABMTurnosDataBase.INFO: MOVIMIENTO:  ["down"] []
[2020-06-17 04:55:32] LogABMTurnosDataBase.INFO: MOVIMIENTO:  ["up"] []
[2020-06-17 04:55:33] LogABMTurnosDataBase.INFO: MOVIMIENTO:  ["up"] []
[2020-06-17 04:55:35] LogABMTurnosDataBase.INFO: MOVIMIENTO:  ["down"] []
[2020-06-17 04:55:35] LogABMTurnosDataBase.INFO: MOVIMIENTO:  ["left"] []
[2020-06-17 04:55:37] LogABMTurnosDataBase.INFO: MOVIMIENTO:  ["up"] []
[2020-06-17 04:55:38] LogABMTurnosDataBase.INFO: MOVIMIENTO:  ["left"] []
[2020-06-17 04:55:38] LogABMTurnosDataBase.INFO: MOVIMIENTO:  ["down"] []
[2020-06-17 04:55:39] LogABMTurnosDataBase.INFO: MOVIMIENTO:  ["right"] []
[2020-06-17 04:55:39] LogABMTurnosDataBase.INFO: MOVIMIENTO:  ["right"] []
[2020-06-17 04:55:40] LogABMTurnosDataBase.INFO: MOVIMIENTO:  ["left"] []
[2020-06-17 04:55:41] LogABMTurnosDataBase.INFO: MOVIMIENTO:  ["up"] []
[2020-06-17 04:55:42] LogABMTurnosDataBase.INFO: MOVIMIENTO:  ["right"] []
[2020-06-17 04:55:43] LogABMTurnosDataBase.INFO: MOVIMIENTO:  ["left"] []
[2020-06-17 04:55:44] LogABMTurnosDataBase.INFO: MOVIMIENTO:  ["down"] []
[2020-06-17 04:55:45] LogABMTurnosDataBase.INFO: MOVIMIENTO:  ["right"] []
[2020-06-17 04:55:46] LogABMTurnosDataBase.INFO: MOVIMIENTO:  ["down"] []
[2020-06-17 04:55:47] LogABMTurnosDataBase.INFO: MOVIMIENTO:  ["left"] []
[2020-06-17 04:55:47] LogABMTurnosDataBase.INFO: MOVIMIENTO:  ["up"] []
[2020-06-17 04:55:48] LogABMTurnosDataBase.INFO: MOVIMIENTO:  ["left"] []
[2020-06-17 04:55:49] LogABMTurnosDataBase.INFO: MOVIMIENTO:  ["down"] []
[2020-06-17 04:55:49] LogABMTurnosDataBase.INFO: MOVIMIENTO:  ["right"] []
[2020-06-17 04:55:49] LogABMTurnosDataBase.INFO: MOVIMIENTO:  ["up"] []
[2020-06-17 04:55:50] LogABMTurnosDataBase.INFO: MOVIMIENTO:  ["down"] []
[2020-06-17 04:55:50] LogABMTurnosDataBase.INFO: MOVIMIENTO:  ["right"] []
[2020-06-17 04:55:51] LogABMTurnosDataBase.INFO: MOVIMIENTO:  ["up"] []
[2020-06-17 04:55:52] LogABMTurnosDataBase.INFO: MOVIMIENTO:  ["up"] []
[2020-06-17 04:55:53] LogABMTurnosDataBase.INFO: MOVIMIENTO:  ["down"] []
[2020-06-17 04:55:53] LogABMTurnosDataBase.INFO: MOVIMIENTO:  ["left"] []
[2020-06-17 04:55:55] LogABMTurnosDataBase.INFO: MOVIMIENTO:  ["up"] []
[2020-06-17 04:55:55] LogABMTurnosDataBase.INFO: MOVIMIENTO:  ["right"] []
[2020-06-17 04:55:57] LogABMTurnosDataBase.INFO: MOVIMIENTO:  ["left"] []
[2020-06-17 04:55:58] LogABMTurnosDataBase.INFO: MOVIMIENTO:  ["down"] []
[2020-06-17 04:55:59] LogABMTurnosDataBase.INFO: MOVIMIENTO:  ["up"] []
[2020-06-17 04:55:59] LogABMTurnosDataBase.INFO: MOVIMIENTO:  ["up"] []
[2020-06-17 04:56:00] LogABMTurnosDataBase.INFO: MOVIMIENTO:  ["down"] []
[2020-06-17 04:56:01] LogABMTurnosDataBase.INFO: MOVIMIENTO:  ["right"] []
[2020-06-17 04:56:02] LogABMTurnosDataBase.INFO: MOVIMIENTO:  ["up"] []
[2020-06-17 04:56:03] LogABMTurnosDataBase.INFO: MOVIMIENTO:  ["left"] []
[2020-06-17 04:56:04] LogABMTurnosDataBase.INFO: MOVIMIENTO:  ["down"] []
[2020-06-17 04:56:04] LogABMTurnosDataBase.INFO: MOVIMIENTO:  ["right"] []
[2020-06-17 04:56:05] LogABMTurnosDataBase.INFO: MOVIMIENTO:  ["up"] []
[2020-06-17 04:56:05] LogABMTurnosDataBase.INFO: MOVIMIENTO:  ["left"] []
[2020-06-17 04:56:06] LogABMTurnosDataBase.INFO: MOVIMIENTO:  ["right"] []
[2020-06-17 04:56:07] LogABMTurnosDataBase.INFO: MOVIMIENTO:  ["left"] []
[2020-06-17 04:56:08] LogABMTurnosDataBase.INFO: MOVIMIENTO:  ["down"] []
[2020-06-17 04:56:08] LogABMTurnosDataBase.INFO: MOVIMIENTO:  ["left"] []
[2020-06-17 04:56:09] LogABMTurnosDataBase.INFO: MOVIMIENTO:  ["up"] []
[2020-06-17 04:56:10] LogABMTurnosDataBase.INFO: MOVIMIENTO:  ["right"] []
[2020-06-17 04:56:10] LogABMTurnosDataBase.INFO: MOVIMIENTO:  ["right"] []
[2020-06-17 04:56:12] LogABMTurnosDataBase.INFO: MOVIMIENTO:  ["down"] []
[2020-06-17 04:56:15] LogABMTurnosDataBase.INFO: MOVIMIENTO:  ["left"] []
[2020-06-17 04:56:15] LogABMTurnosDataBase.INFO: MOVIMIENTO:  ["left"] []
[2020-06-17 04:56:16] LogABMTurnosDataBase.INFO: MOVIMIENTO:  ["up"] []
[2020-06-17 04:56:17] LogABMTurnosDataBase.INFO: MOVIMIENTO:  ["right"] []
[2020-06-17 04:56:18] LogABMTurnosDataBase.INFO: MOVIMIENTO:  ["down"] []
[2020-06-17 04:56:18] LogABMTurnosDataBase.INFO: MOVIMIENTO:  ["left"] []
[2020-06-17 04:56:19] LogABMTurnosDataBase.INFO: MOVIMIENTO:  ["up"] []
[2020-06-17 04:56:19] LogABMTurnosDataBase.INFO: MOVIMIENTO:  ["right"] []
[2020-06-17 04:56:22] LogABMTurnosDataBase.INFO: MOVIMIENTO:  ["right"] []
[2020-06-17 04:56:22] LogABMTurnosDataBase.INFO: MOVIMIENTO:  ["down"] []
[2020-06-17 04:56:23] LogABMTurnosDataBase.INFO: MOVIMIENTO:  ["left"] []
[2020-06-17 04:56:24] LogABMTurnosDataBase.INFO: MOVIMIENTO:  ["up"] []
[2020-06-17 04:56:25] LogABMTurnosDataBase.INFO: MOVIMIENTO:  ["right"] []
[2020-06-17 04:56:28] LogABMTurnosDataBase.INFO: MOVIMIENTO:  ["down"] []
[2020-06-17 04:56:28] LogABMTurnosDataBase.INFO: MOVIMIENTO:  ["left"] []
[2020-06-17 04:56:31] LogABMTurnosDataBase.INFO: MOVIMIENTO:  ["up"] []
[2020-06-17 04:56:32] LogABMTurnosDataBase.INFO: MOVIMIENTO:  ["right"] []
[2020-06-17 04:56:32] LogABMTurnosDataBase.INFO: MOVIMIENTO:  ["left"] []
[2020-06-17 04:56:33] LogABMTurnosDataBase.INFO: MOVIMIENTO:  ["left"] []
[2020-06-17 04:56:33] LogABMTurnosDataBase.INFO: MOVIMIENTO:  ["down"] []
[2020-06-17 04:56:34] LogABMTurnosDataBase.INFO: MOVIMIENTO:  ["up"] []
[2020-06-17 04:56:34] LogABMTurnosDataBase.INFO: MOVIMIENTO:  ["right"] []
[2020-06-17 04:56:35] LogABMTurnosDataBase.INFO: MOVIMIENTO:  ["left"] []
[2020-06-17 04:56:35] LogABMTurnosDataBase.INFO: MOVIMIENTO:  ["down"] []
[2020-06-17 04:56:36] LogABMTurnosDataBase.INFO: MOVIMIENTO:  ["right"] []
[2020-06-17 04:56:37] LogABMTurnosDataBase.INFO: MOVIMIENTO:  ["up"] []
[2020-06-17 04:56:37] LogABMTurnosDataBase.INFO: MOVIMIENTO:  ["left"] []
[2020-06-17 04:56:47] LogABMTurnosDataBase.INFO: MOVIMIENTO:  ["right"] []
[2020-06-17 04:56:48] LogABMTurnosDataBase.INFO: MOVIMIENTO:  ["down"] []
[2020-06-17 04:56:49] LogABMTurnosDataBase.INFO: MOVIMIENTO:  ["down"] []
[2020-06-17 04:56:50] LogABMTurnosDataBase.INFO: MOVIMIENTO:  ["left"] []
[2020-06-17 04:56:51] LogABMTurnosDataBase.INFO: MOVIMIENTO:  ["up"] []
[2020-06-17 04:56:53] LogABMTurnosDataBase.INFO: MOVIMIENTO:  ["up"] []
[2020-06-17 04:56:54] LogABMTurnosDataBase.INFO: MOVIMIENTO:  ["right"] []
[2020-06-17 04:56:54] LogABMTurnosDataBase.INFO: MOVIMIENTO:  ["down"] []
[2020-06-17 04:56:55] LogABMTurnosDataBase.INFO: MOVIMIENTO:  ["down"] []
[2020-06-17 04:56:59] LogABMTurnosDataBase.INFO: MOVIMIENTO:  ["up"] []
[2020-06-17 04:57:00] LogABMTurnosDataBase.INFO: MOVIMIENTO:  ["down"] []
[2020-06-17 04:57:02] LogABMTurnosDataBase.INFO: MOVIMIENTO:  ["left"] []
[2020-06-17 04:57:03] LogABMTurnosDataBase.INFO: MOVIMIENTO:  ["up"] []
[2020-06-17 04:57:03] LogABMTurnosDataBase.INFO: MOVIMIENTO:  ["up"] []
[2020-06-17 04:57:04] LogABMTurnosDataBase.INFO: MOVIMIENTO:  ["right"] []
[2020-06-17 04:57:05] LogABMTurnosDataBase.INFO: MOVIMIENTO:  ["down"] []
[2020-06-17 04:57:06] LogABMTurnosDataBase.INFO: MOVIMIENTO:  ["down"] []
[2020-06-17 04:57:06] LogABMTurnosDataBase.INFO: MOVIMIENTO:  ["left"] []
[2020-06-17 04:57:07] LogABMTurnosDataBase.INFO: MOVIMIENTO:  ["up"] []
[2020-06-17 04:57:08] LogABMTurnosDataBase.INFO: MOVIMIENTO:  ["up"] []
[2020-06-17 04:57:08] LogABMTurnosDataBase.INFO: MOVIMIENTO:  ["right"] []
[2020-06-17 04:57:10] LogABMTurnosDataBase.INFO: MOVIMIENTO:  ["down"] []
[2020-06-17 04:57:10] LogABMTurnosDataBase.INFO: MOVIMIENTO:  ["down"] []
[2020-06-17 04:57:11] LogABMTurnosDataBase.INFO: MOVIMIENTO:  ["left"] []
[2020-06-17 04:57:11] LogABMTurnosDataBase.INFO: MOVIMIENTO:  ["up"] []
[2020-06-17 04:57:14] LogABMTurnosDataBase.INFO: MOVIMIENTO:  ["up"] []
[2020-06-17 04:57:15] LogABMTurnosDataBase.INFO: MOVIMIENTO:  ["right"] []
[2020-06-17 04:57:16] LogABMTurnosDataBase.INFO: MOVIMIENTO:  ["left"] []
[2020-06-17 04:57:16] LogABMTurnosDataBase.INFO: MOVIMIENTO:  ["down"] []
[2020-06-17 04:57:17] LogABMTurnosDataBase.INFO: MOVIMIENTO:  ["right"] []
[2020-06-17 04:57:18] LogABMTurnosDataBase.INFO: MOVIMIENTO:  ["up"] []
[2020-06-17 04:57:19] LogABMTurnosDataBase.INFO: MOVIMIENTO:  ["left"] []
[2020-06-17 04:57:19] LogABMTurnosDataBase.INFO: MOVIMIENTO:  ["down"] []
[2020-06-17 04:57:19] LogABMTurnosDataBase.INFO: MOVIMIENTO:  ["right"] []
[2020-06-17 04:57:21] LogABMTurnosDataBase.INFO: MOVIMIENTO:  ["down"] []
[2020-06-17 04:57:21] LogABMTurnosDataBase.INFO: MOVIMIENTO:  ["left"] []
[2020-06-17 04:57:22] LogABMTurnosDataBase.INFO: MOVIMIENTO:  ["up"] []
[2020-06-17 04:57:24] LogABMTurnosDataBase.INFO: MOVIMIENTO:  ["up"] []
[2020-06-17 04:57:25] LogABMTurnosDataBase.INFO: MOVIMIENTO:  ["right"] []
[2020-06-17 04:57:27] LogABMTurnosDataBase.INFO: MOVIMIENTO:  ["down"] []
[2020-06-17 04:57:28] LogABMTurnosDataBase.INFO: MOVIMIENTO:  ["left"] []
[2020-06-17 04:57:28] LogABMTurnosDataBase.INFO: MOVIMIENTO:  ["up"] []
[2020-06-17 04:57:31] LogABMTurnosDataBase.INFO: MOVIMIENTO:  ["right"] []
[2020-06-17 04:57:32] LogABMTurnosDataBase.INFO: MOVIMIENTO:  ["down"] []
[2020-06-17 04:57:33] LogABMTurnosDataBase.INFO: MOVIMIENTO:  ["left"] []
[2020-06-17 04:57:34] LogABMTurnosDataBase.INFO: MOVIMIENTO:  ["up"] []
[2020-06-17 04:57:34] LogABMTurnosDataBase.INFO: MOVIMIENTO:  ["right"] []
[2020-06-17 04:57:35] LogABMTurnosDataBase.INFO: MOVIMIENTO:  ["down"] []
[2020-06-17 04:57:35] LogABMTurnosDataBase.INFO: MOVIMIENTO:  ["left"] []
[2020-06-17 04:57:37] LogABMTurnosDataBase.INFO: MOVIMIENTO:  ["up"] []
[2020-06-17 04:57:37] LogABMTurnosDataBase.INFO: MOVIMIENTO:  ["right"] []
[2020-06-17 04:57:40] LogABMTurnosDataBase.INFO: MOVIMIENTO:  ["right"] []
[2020-06-17 04:57:41] LogABMTurnosDataBase.INFO: MOVIMIENTO:  ["down"] []
[2020-06-17 04:57:41] LogABMTurnosDataBase.INFO: MOVIMIENTO:  ["left"] []
[2020-06-17 04:57:42] LogABMTurnosDataBase.INFO: MOVIMIENTO:  ["left"] []
[2020-06-17 04:57:43] LogABMTurnosDataBase.INFO: MOVIMIENTO:  ["up"] []
[2020-06-17 04:57:44] LogABMTurnosDataBase.INFO: MOVIMIENTO:  ["right"] []
[2020-06-17 04:57:44] LogABMTurnosDataBase.INFO: MOVIMIENTO:  ["down"] []
[2020-06-17 04:57:45] LogABMTurnosDataBase.INFO: MOVIMIENTO:  ["right"] []
[2020-06-17 04:57:46] LogABMTurnosDataBase.INFO: MOVIMIENTO:  ["up"] []
[2020-06-17 04:57:47] LogABMTurnosDataBase.INFO: MOVIMIENTO:  ["left"] []
[2020-06-17 04:57:47] LogABMTurnosDataBase.INFO: MOVIMIENTO:  ["left"] []
[2020-06-17 04:57:53] LogABMTurnosDataBase.INFO: MOVIMIENTO:  ["right"] []
[2020-06-17 04:57:54] LogABMTurnosDataBase.INFO: MOVIMIENTO:  ["down"] []
[2020-06-17 04:57:54] LogABMTurnosDataBase.INFO: MOVIMIENTO:  ["right"] []
[2020-06-17 04:57:56] LogABMTurnosDataBase.INFO: MOVIMIENTO:  ["up"] []
[2020-06-17 04:57:56] LogABMTurnosDataBase.INFO: MOVIMIENTO:  ["left"] []
[2020-06-17 04:57:57] LogABMTurnosDataBase.INFO: MOVIMIENTO:  ["left"] []
[2020-06-17 04:57:57] LogABMTurnosDataBase.INFO: MOVIMIENTO:  ["down"] []
[2020-06-17 04:57:58] LogABMTurnosDataBase.INFO: MOVIMIENTO:  ["right"] []
[2020-06-17 04:58:02] LogABMTurnosDataBase.INFO: MOVIMIENTO:  ["right"] []
[2020-06-17 05:10:30] LogABMTurnosDataBase.INFO: MOVIMIENTO:  ["letra-s"] []
[2020-06-17 05:16:30] LogABMTurnosDataBase.INFO: MOVIMIENTO:  ["letra-s"] []
[2020-06-17 05:16:36] LogABMTurnosDataBase.INFO: MOVIMIENTO:  ["left"] []
[2020-06-17 05:16:36] LogABMTurnosDataBase.INFO: MOVIMIENTO:  ["up"] []
[2020-06-17 05:16:39] LogABMTurnosDataBase.INFO: MOVIMIENTO:  ["up"] []
[2020-06-17 05:16:39] LogABMTurnosDataBase.INFO: MOVIMIENTO:  ["right"] []
[2020-06-17 05:16:40] LogABMTurnosDataBase.INFO: MOVIMIENTO:  ["right"] []
[2020-06-17 05:16:41] LogABMTurnosDataBase.INFO: MOVIMIENTO:  ["down"] []
[2020-06-17 05:16:42] LogABMTurnosDataBase.INFO: MOVIMIENTO:  ["down"] []
[2020-06-17 05:16:42] LogABMTurnosDataBase.INFO: MOVIMIENTO:  ["left"] []
[2020-06-17 05:16:43] LogABMTurnosDataBase.INFO: MOVIMIENTO:  ["up"] []
[2020-06-17 05:16:44] LogABMTurnosDataBase.INFO: MOVIMIENTO:  ["right"] []
[2020-06-17 05:16:44] LogABMTurnosDataBase.INFO: MOVIMIENTO:  ["up"] []
[2020-06-17 05:16:45] LogABMTurnosDataBase.INFO: MOVIMIENTO:  ["left"] []
[2020-06-17 05:16:45] LogABMTurnosDataBase.INFO: MOVIMIENTO:  ["down"] []
[2020-06-17 05:16:46] LogABMTurnosDataBase.INFO: MOVIMIENTO:  ["right"] []
[2020-06-17 05:16:46] LogABMTurnosDataBase.INFO: MOVIMIENTO:  ["left"] []
[2020-06-17 05:16:48] LogABMTurnosDataBase.INFO: MOVIMIENTO:  ["right"] []
[2020-06-17 05:16:48] LogABMTurnosDataBase.INFO: MOVIMIENTO:  ["down"] []
[2020-06-17 05:16:48] LogABMTurnosDataBase.INFO: MOVIMIENTO:  ["left"] []
[2020-06-17 05:16:49] LogABMTurnosDataBase.INFO: MOVIMIENTO:  ["down"] []
[2020-06-17 05:16:49] LogABMTurnosDataBase.INFO: MOVIMIENTO:  ["left"] []
[2020-06-17 05:16:50] LogABMTurnosDataBase.INFO: MOVIMIENTO:  ["up"] []
[2020-06-17 05:16:51] LogABMTurnosDataBase.INFO: MOVIMIENTO:  ["up"] []
[2020-06-17 05:16:52] LogABMTurnosDataBase.INFO: MOVIMIENTO:  ["right"] []
[2020-06-17 05:16:53] LogABMTurnosDataBase.INFO: MOVIMIENTO:  ["right"] []
[2020-06-17 05:16:53] LogABMTurnosDataBase.INFO: MOVIMIENTO:  ["down"] []
[2020-06-17 05:16:54] LogABMTurnosDataBase.INFO: MOVIMIENTO:  ["down"] []
[2020-06-17 05:16:55] LogABMTurnosDataBase.INFO: MOVIMIENTO:  ["left"] []
[2020-06-17 05:16:55] LogABMTurnosDataBase.INFO: MOVIMIENTO:  ["up"] []
[2020-06-17 05:16:58] LogABMTurnosDataBase.INFO: MOVIMIENTO:  ["up"] []
[2020-06-17 05:16:58] LogABMTurnosDataBase.INFO: MOVIMIENTO:  ["right"] []
[2020-06-17 05:16:59] LogABMTurnosDataBase.INFO: MOVIMIENTO:  ["down"] []
[2020-06-17 05:16:59] LogABMTurnosDataBase.INFO: MOVIMIENTO:  ["down"] []
[2020-06-17 05:17:00] LogABMTurnosDataBase.INFO: MOVIMIENTO:  ["left"] []
[2020-06-17 05:17:02] LogABMTurnosDataBase.INFO: MOVIMIENTO:  ["left"] []
[2020-06-17 05:17:04] LogABMTurnosDataBase.INFO: MOVIMIENTO:  ["up"] []
[2020-06-17 05:17:05] LogABMTurnosDataBase.INFO: MOVIMIENTO:  ["up"] []
[2020-06-17 05:17:07] LogABMTurnosDataBase.INFO: MOVIMIENTO:  ["down"] []
[2020-06-17 05:17:07] LogABMTurnosDataBase.INFO: MOVIMIENTO:  ["right"] []
[2020-06-17 05:17:08] LogABMTurnosDataBase.INFO: MOVIMIENTO:  ["up"] []
[2020-06-17 05:17:12] LogABMTurnosDataBase.INFO: MOVIMIENTO:  ["down"] []
[2020-06-17 05:17:13] LogABMTurnosDataBase.INFO: MOVIMIENTO:  ["down"] []
[2020-06-17 05:17:13] LogABMTurnosDataBase.INFO: MOVIMIENTO:  ["left"] []
[2020-06-17 05:17:14] LogABMTurnosDataBase.INFO: MOVIMIENTO:  ["up"] []
[2020-06-17 05:17:15] LogABMTurnosDataBase.INFO: MOVIMIENTO:  ["up"] []
[2020-06-17 05:17:16] LogABMTurnosDataBase.INFO: MOVIMIENTO:  ["right"] []
[2020-06-17 05:17:17] LogABMTurnosDataBase.INFO: MOVIMIENTO:  ["down"] []
[2020-06-17 05:17:18] LogABMTurnosDataBase.INFO: MOVIMIENTO:  ["down"] []
[2020-06-17 05:17:22] LogABMTurnosDataBase.INFO: MOVIMIENTO:  ["left"] []
[2020-06-17 05:17:23] LogABMTurnosDataBase.INFO: MOVIMIENTO:  ["up"] []
[2020-06-17 05:17:24] LogABMTurnosDataBase.INFO: MOVIMIENTO:  ["up"] []
[2020-06-17 05:17:28] LogABMTurnosDataBase.INFO: MOVIMIENTO:  ["right"] []
[2020-06-17 05:17:28] LogABMTurnosDataBase.INFO: MOVIMIENTO:  ["down"] []
[2020-06-17 05:17:30] LogABMTurnosDataBase.INFO: MOVIMIENTO:  ["left"] []
[2020-06-17 05:17:33] LogABMTurnosDataBase.INFO: MOVIMIENTO:  ["down"] []
[2020-06-17 05:17:34] LogABMTurnosDataBase.INFO: MOVIMIENTO:  ["right"] []
[2020-06-17 05:17:35] LogABMTurnosDataBase.INFO: MOVIMIENTO:  ["up"] []
[2020-06-17 05:17:35] LogABMTurnosDataBase.INFO: MOVIMIENTO:  ["up"] []
[2020-06-17 05:17:38] LogABMTurnosDataBase.INFO: MOVIMIENTO:  ["left"] []
[2020-06-17 05:17:56] LogABMTurnosDataBase.INFO: MOVIMIENTO:  ["letra-s"] []
[2020-06-17 05:17:58] LogABMTurnosDataBase.INFO: MOVIMIENTO:  ["down"] []
[2020-06-17 05:17:58] LogABMTurnosDataBase.INFO: MOVIMIENTO:  ["left"] []
[2020-06-17 05:17:59] LogABMTurnosDataBase.INFO: MOVIMIENTO:  ["down"] []
[2020-06-17 05:18:00] LogABMTurnosDataBase.INFO: MOVIMIENTO:  ["left"] []
[2020-06-17 05:18:00] LogABMTurnosDataBase.INFO: MOVIMIENTO:  ["up"] []
[2020-06-17 05:18:05] LogABMTurnosDataBase.INFO: MOVIMIENTO:  ["right"] []
[2020-06-17 05:18:05] LogABMTurnosDataBase.INFO: MOVIMIENTO:  ["up"] []
[2020-06-17 05:18:06] LogABMTurnosDataBase.INFO: MOVIMIENTO:  ["right"] []
[2020-06-17 05:18:07] LogABMTurnosDataBase.INFO: MOVIMIENTO:  ["down"] []
[2020-06-17 05:18:08] LogABMTurnosDataBase.INFO: MOVIMIENTO:  ["left"] []
[2020-06-17 05:18:10] LogABMTurnosDataBase.INFO: MOVIMIENTO:  ["left"] []
[2020-06-17 05:18:12] LogABMTurnosDataBase.INFO: MOVIMIENTO:  ["down"] []
[2020-06-17 05:18:14] LogABMTurnosDataBase.INFO: MOVIMIENTO:  ["up"] []
[2020-06-17 05:18:14] LogABMTurnosDataBase.INFO: MOVIMIENTO:  ["right"] []
[2020-06-17 05:18:15] LogABMTurnosDataBase.INFO: MOVIMIENTO:  ["down"] []
[2020-06-17 05:18:16] LogABMTurnosDataBase.INFO: MOVIMIENTO:  ["right"] []
[2020-06-17 05:18:17] LogABMTurnosDataBase.INFO: MOVIMIENTO:  ["up"] []
[2020-06-17 05:18:17] LogABMTurnosDataBase.INFO: MOVIMIENTO:  ["left"] []
[2020-06-17 05:18:18] LogABMTurnosDataBase.INFO: MOVIMIENTO:  ["right"] []
[2020-06-17 05:18:18] LogABMTurnosDataBase.INFO: MOVIMIENTO:  ["up"] []
[2020-06-17 05:18:18] LogABMTurnosDataBase.INFO: MOVIMIENTO:  ["left"] []
[2020-06-17 05:18:19] LogABMTurnosDataBase.INFO: MOVIMIENTO:  ["down"] []
[2020-06-17 05:18:23] LogABMTurnosDataBase.INFO: MOVIMIENTO:  ["down"] []
[2020-06-17 05:18:23] LogABMTurnosDataBase.INFO: MOVIMIENTO:  ["left"] []
[2020-06-17 05:18:24] LogABMTurnosDataBase.INFO: MOVIMIENTO:  ["right"] []
[2020-06-17 05:18:24] LogABMTurnosDataBase.INFO: MOVIMIENTO:  ["right"] []
[2020-06-17 05:18:25] LogABMTurnosDataBase.INFO: MOVIMIENTO:  ["up"] []
[2020-06-17 05:18:25] LogABMTurnosDataBase.INFO: MOVIMIENTO:  ["left"] []
[2020-06-17 05:18:27] LogABMTurnosDataBase.INFO: MOVIMIENTO:  ["down"] []
[2020-06-17 05:18:29] LogABMTurnosDataBase.INFO: MOVIMIENTO:  ["left"] []
[2020-06-17 05:18:30] LogABMTurnosDataBase.INFO: MOVIMIENTO:  ["up"] []
[2020-06-17 05:18:30] LogABMTurnosDataBase.INFO: MOVIMIENTO:  ["left"] []
[2020-06-17 05:18:31] LogABMTurnosDataBase.INFO: MOVIMIENTO:  ["right"] []
[2020-06-17 05:18:36] LogABMTurnosDataBase.INFO: MOVIMIENTO:  ["up"] []
[2020-06-17 05:18:38] LogABMTurnosDataBase.INFO: MOVIMIENTO:  ["right"] []
[2020-06-17 05:18:38] LogABMTurnosDataBase.INFO: MOVIMIENTO:  ["down"] []
[2020-06-17 05:18:39] LogABMTurnosDataBase.INFO: MOVIMIENTO:  ["down"] []
[2020-06-17 05:18:39] LogABMTurnosDataBase.INFO: MOVIMIENTO:  ["left"] []
[2020-06-17 05:18:40] LogABMTurnosDataBase.INFO: MOVIMIENTO:  ["up"] []
[2020-06-17 05:18:43] LogABMTurnosDataBase.INFO: MOVIMIENTO:  ["down"] []
[2020-06-17 05:18:44] LogABMTurnosDataBase.INFO: MOVIMIENTO:  ["left"] []
[2020-06-17 05:18:45] LogABMTurnosDataBase.INFO: MOVIMIENTO:  ["up"] []
[2020-06-17 05:18:45] LogABMTurnosDataBase.INFO: MOVIMIENTO:  ["left"] []
[2020-06-17 05:18:46] LogABMTurnosDataBase.INFO: MOVIMIENTO:  ["right"] []
[2020-06-17 05:18:46] LogABMTurnosDataBase.INFO: MOVIMIENTO:  ["down"] []
[2020-06-17 05:18:46] LogABMTurnosDataBase.INFO: MOVIMIENTO:  ["left"] []
[2020-06-17 05:18:47] LogABMTurnosDataBase.INFO: MOVIMIENTO:  ["up"] []
[2020-06-17 05:18:50] LogABMTurnosDataBase.INFO: MOVIMIENTO:  ["right"] []
[2020-06-17 05:18:50] LogABMTurnosDataBase.INFO: MOVIMIENTO:  ["down"] []
[2020-06-17 05:18:51] LogABMTurnosDataBase.INFO: MOVIMIENTO:  ["right"] []
[2020-06-17 05:18:51] LogABMTurnosDataBase.INFO: MOVIMIENTO:  ["up"] []
[2020-06-17 05:18:52] LogABMTurnosDataBase.INFO: MOVIMIENTO:  ["left"] []
[2020-06-17 05:18:52] LogABMTurnosDataBase.INFO: MOVIMIENTO:  ["left"] []
[2020-06-17 05:18:58] LogABMTurnosDataBase.INFO: MOVIMIENTO:  ["right"] []
[2020-06-17 05:18:58] LogABMTurnosDataBase.INFO: MOVIMIENTO:  ["up"] []
[2020-06-17 05:18:59] LogABMTurnosDataBase.INFO: MOVIMIENTO:  ["right"] []
[2020-06-17 05:19:00] LogABMTurnosDataBase.INFO: MOVIMIENTO:  ["down"] []
[2020-06-17 05:19:00] LogABMTurnosDataBase.INFO: MOVIMIENTO:  ["left"] []
[2020-06-17 05:19:02] LogABMTurnosDataBase.INFO: MOVIMIENTO:  ["left"] []
[2020-06-17 05:19:05] LogABMTurnosDataBase.INFO: MOVIMIENTO:  ["right"] []
[2020-06-17 05:19:06] LogABMTurnosDataBase.INFO: MOVIMIENTO:  ["left"] []
[2020-06-17 05:19:08] LogABMTurnosDataBase.INFO: MOVIMIENTO:  ["up"] []
[2020-06-17 05:19:09] LogABMTurnosDataBase.INFO: MOVIMIENTO:  ["down"] []
[2020-06-17 05:19:10] LogABMTurnosDataBase.INFO: MOVIMIENTO:  ["down"] []
[2020-06-17 05:19:11] LogABMTurnosDataBase.INFO: MOVIMIENTO:  ["right"] []
[2020-06-17 05:19:11] LogABMTurnosDataBase.INFO: MOVIMIENTO:  ["right"] []
[2020-06-17 05:19:12] LogABMTurnosDataBase.INFO: MOVIMIENTO:  ["up"] []
[2020-06-17 05:19:13] LogABMTurnosDataBase.INFO: MOVIMIENTO:  ["up"] []
[2020-06-17 05:19:13] LogABMTurnosDataBase.INFO: MOVIMIENTO:  ["left"] []
[2020-06-17 05:19:14] LogABMTurnosDataBase.INFO: MOVIMIENTO:  ["down"] []
[2020-06-17 05:19:15] LogABMTurnosDataBase.INFO: MOVIMIENTO:  ["right"] []
[2020-06-17 05:19:16] LogABMTurnosDataBase.INFO: MOVIMIENTO:  ["left"] []
[2020-06-17 05:19:17] LogABMTurnosDataBase.INFO: MOVIMIENTO:  ["up"] []
[2020-06-17 05:19:19] LogABMTurnosDataBase.INFO: MOVIMIENTO:  ["right"] []
[2020-06-17 05:19:21] LogABMTurnosDataBase.INFO: MOVIMIENTO:  ["down"] []
[2020-06-17 05:19:21] LogABMTurnosDataBase.INFO: MOVIMIENTO:  ["left"] []
[2020-06-17 05:19:22] LogABMTurnosDataBase.INFO: MOVIMIENTO:  ["up"] []
[2020-06-17 05:19:23] LogABMTurnosDataBase.INFO: MOVIMIENTO:  ["down"] []
[2020-06-17 05:19:23] LogABMTurnosDataBase.INFO: MOVIMIENTO:  ["up"] []
[2020-06-17 05:19:23] LogABMTurnosDataBase.INFO: MOVIMIENTO:  ["down"] []
[2020-06-17 05:19:24] LogABMTurnosDataBase.INFO: MOVIMIENTO:  ["down"] []
[2020-06-17 05:19:25] LogABMTurnosDataBase.INFO: MOVIMIENTO:  ["left"] []
[2020-06-17 05:19:25] LogABMTurnosDataBase.INFO: MOVIMIENTO:  ["up"] []
[2020-06-17 05:19:27] LogABMTurnosDataBase.INFO: MOVIMIENTO:  ["up"] []
[2020-06-17 05:19:57] LogABMTurnosDataBase.INFO: MOVIMIENTO:  ["letra-s"] []
[2020-06-17 05:19:58] LogABMTurnosDataBase.INFO: MOVIMIENTO:  ["right"] []
[2020-06-17 05:19:58] LogABMTurnosDataBase.INFO: MOVIMIENTO:  ["left"] []
[2020-06-17 05:19:59] LogABMTurnosDataBase.INFO: MOVIMIENTO:  ["up"] []
[2020-06-17 05:19:59] LogABMTurnosDataBase.INFO: MOVIMIENTO:  ["right"] []
[2020-06-17 05:20:01] LogABMTurnosDataBase.INFO: MOVIMIENTO:  ["down"] []
[2020-06-17 05:20:02] LogABMTurnosDataBase.INFO: MOVIMIENTO:  ["left"] []
[2020-06-17 05:20:02] LogABMTurnosDataBase.INFO: MOVIMIENTO:  ["up"] []
[2020-06-17 05:20:03] LogABMTurnosDataBase.INFO: MOVIMIENTO:  ["up"] []
[2020-06-17 05:20:04] LogABMTurnosDataBase.INFO: MOVIMIENTO:  ["left"] []
[2020-06-17 05:20:04] LogABMTurnosDataBase.INFO: MOVIMIENTO:  ["down"] []
[2020-06-17 05:20:05] LogABMTurnosDataBase.INFO: MOVIMIENTO:  ["right"] []
[2020-06-17 05:20:05] LogABMTurnosDataBase.INFO: MOVIMIENTO:  ["up"] []
[2020-06-17 05:20:06] LogABMTurnosDataBase.INFO: MOVIMIENTO:  ["left"] []
[2020-06-17 05:20:07] LogABMTurnosDataBase.INFO: MOVIMIENTO:  ["down"] []
[2020-06-17 05:20:08] LogABMTurnosDataBase.INFO: MOVIMIENTO:  ["down"] []
[2020-06-17 05:20:08] LogABMTurnosDataBase.INFO: MOVIMIENTO:  ["right"] []
[2020-06-17 05:20:08] LogABMTurnosDataBase.INFO: MOVIMIENTO:  ["up"] []
[2020-06-17 05:20:10] LogABMTurnosDataBase.INFO: MOVIMIENTO:  ["right"] []
[2020-06-17 05:20:11] LogABMTurnosDataBase.INFO: MOVIMIENTO:  ["up"] []
[2020-06-17 05:20:11] LogABMTurnosDataBase.INFO: MOVIMIENTO:  ["left"] []
[2020-06-17 05:20:12] LogABMTurnosDataBase.INFO: MOVIMIENTO:  ["down"] []
[2020-06-17 05:20:12] LogABMTurnosDataBase.INFO: MOVIMIENTO:  ["right"] []
[2020-06-17 05:20:13] LogABMTurnosDataBase.INFO: MOVIMIENTO:  ["down"] []
[2020-06-17 05:20:14] LogABMTurnosDataBase.INFO: MOVIMIENTO:  ["left"] []
[2020-06-17 05:20:15] LogABMTurnosDataBase.INFO: MOVIMIENTO:  ["left"] []
[2020-06-17 05:20:16] LogABMTurnosDataBase.INFO: MOVIMIENTO:  ["up"] []
[2020-06-17 05:20:17] LogABMTurnosDataBase.INFO: MOVIMIENTO:  ["right"] []
[2020-06-17 05:20:18] LogABMTurnosDataBase.INFO: MOVIMIENTO:  ["up"] []
[2020-06-17 05:20:18] LogABMTurnosDataBase.INFO: MOVIMIENTO:  ["left"] []
[2020-06-17 05:20:19] LogABMTurnosDataBase.INFO: MOVIMIENTO:  ["down"] []
[2020-06-17 05:20:19] LogABMTurnosDataBase.INFO: MOVIMIENTO:  ["right"] []
[2020-06-17 05:20:20] LogABMTurnosDataBase.INFO: MOVIMIENTO:  ["right"] []
[2020-06-17 05:20:21] LogABMTurnosDataBase.INFO: MOVIMIENTO:  ["up"] []
[2020-06-17 05:20:21] LogABMTurnosDataBase.INFO: MOVIMIENTO:  ["left"] []
[2020-06-17 05:20:22] LogABMTurnosDataBase.INFO: MOVIMIENTO:  ["down"] []
[2020-06-17 05:20:23] LogABMTurnosDataBase.INFO: MOVIMIENTO:  ["right"] []
[2020-06-17 05:20:23] LogABMTurnosDataBase.INFO: MOVIMIENTO:  ["up"] []
[2020-06-17 05:20:24] LogABMTurnosDataBase.INFO: MOVIMIENTO:  ["left"] []
[2020-06-17 05:20:25] LogABMTurnosDataBase.INFO: MOVIMIENTO:  ["down"] []
[2020-06-17 05:20:28] LogABMTurnosDataBase.INFO: MOVIMIENTO:  ["right"] []
[2020-06-17 05:20:28] LogABMTurnosDataBase.INFO: MOVIMIENTO:  ["down"] []
[2020-06-17 05:20:30] LogABMTurnosDataBase.INFO: MOVIMIENTO:  ["left"] []
[2020-06-17 05:20:31] LogABMTurnosDataBase.INFO: MOVIMIENTO:  ["left"] []
[2020-06-17 05:20:31] LogABMTurnosDataBase.INFO: MOVIMIENTO:  ["up"] []
[2020-06-17 05:20:32] LogABMTurnosDataBase.INFO: MOVIMIENTO:  ["right"] []
[2020-06-17 05:20:32] LogABMTurnosDataBase.INFO: MOVIMIENTO:  ["up"] []
[2020-06-17 05:20:33] LogABMTurnosDataBase.INFO: MOVIMIENTO:  ["left"] []
[2020-06-17 05:20:34] LogABMTurnosDataBase.INFO: MOVIMIENTO:  ["right"] []
[2020-06-17 05:20:34] LogABMTurnosDataBase.INFO: MOVIMIENTO:  ["right"] []
[2020-06-17 05:20:34] LogABMTurnosDataBase.INFO: MOVIMIENTO:  ["down"] []
[2020-06-17 05:20:35] LogABMTurnosDataBase.INFO: MOVIMIENTO:  ["left"] []
[2020-06-17 05:20:35] LogABMTurnosDataBase.INFO: MOVIMIENTO:  ["down"] []
[2020-06-17 05:20:37] LogABMTurnosDataBase.INFO: MOVIMIENTO:  ["left"] []
[2020-06-17 05:20:37] LogABMTurnosDataBase.INFO: MOVIMIENTO:  ["right"] []
[2020-06-17 05:20:37] LogABMTurnosDataBase.INFO: MOVIMIENTO:  ["right"] []
[2020-06-17 05:20:38] LogABMTurnosDataBase.INFO: MOVIMIENTO:  ["up"] []
[2020-06-17 05:20:39] LogABMTurnosDataBase.INFO: MOVIMIENTO:  ["up"] []
[2020-06-17 05:20:39] LogABMTurnosDataBase.INFO: MOVIMIENTO:  ["left"] []
[2020-06-17 05:20:40] LogABMTurnosDataBase.INFO: MOVIMIENTO:  ["left"] []
[2020-06-17 05:20:40] LogABMTurnosDataBase.INFO: MOVIMIENTO:  ["down"] []
[2020-06-17 05:20:41] LogABMTurnosDataBase.INFO: MOVIMIENTO:  ["down"] []
[2020-06-17 05:20:42] LogABMTurnosDataBase.INFO: MOVIMIENTO:  ["up"] []
[2020-06-17 05:20:44] LogABMTurnosDataBase.INFO: MOVIMIENTO:  ["down"] []
[2020-06-17 05:20:45] LogABMTurnosDataBase.INFO: MOVIMIENTO:  ["right"] []
[2020-06-17 05:20:45] LogABMTurnosDataBase.INFO: MOVIMIENTO:  ["right"] []
[2020-06-17 05:20:46] LogABMTurnosDataBase.INFO: MOVIMIENTO:  ["up"] []
[2020-06-17 05:20:46] LogABMTurnosDataBase.INFO: MOVIMIENTO:  ["left"] []
[2020-06-17 05:20:48] LogABMTurnosDataBase.INFO: MOVIMIENTO:  ["right"] []
[2020-06-17 05:20:48] LogABMTurnosDataBase.INFO: MOVIMIENTO:  ["up"] []
[2020-06-17 05:20:49] LogABMTurnosDataBase.INFO: MOVIMIENTO:  ["left"] []
[2020-06-17 05:20:49] LogABMTurnosDataBase.INFO: MOVIMIENTO:  ["down"] []
[2020-06-17 05:20:50] LogABMTurnosDataBase.INFO: MOVIMIENTO:  ["left"] []
[2020-06-17 05:20:51] LogABMTurnosDataBase.INFO: MOVIMIENTO:  ["up"] []
[2020-06-17 05:20:51] LogABMTurnosDataBase.INFO: MOVIMIENTO:  ["right"] []
[2020-06-17 05:20:52] LogABMTurnosDataBase.INFO: MOVIMIENTO:  ["down"] []
[2020-06-17 05:20:52] LogABMTurnosDataBase.INFO: MOVIMIENTO:  ["left"] []
[2020-06-17 05:20:53] LogABMTurnosDataBase.INFO: MOVIMIENTO:  ["down"] []
[2020-06-17 05:20:54] LogABMTurnosDataBase.INFO: MOVIMIENTO:  ["right"] []
[2020-06-17 05:20:54] LogABMTurnosDataBase.INFO: MOVIMIENTO:  ["right"] []
[2020-06-17 05:20:55] LogABMTurnosDataBase.INFO: MOVIMIENTO:  ["up"] []
[2020-06-17 05:20:55] LogABMTurnosDataBase.INFO: MOVIMIENTO:  ["left"] []
[2020-06-17 05:20:56] LogABMTurnosDataBase.INFO: MOVIMIENTO:  ["left"] []
[2020-06-17 05:20:56] LogABMTurnosDataBase.INFO: MOVIMIENTO:  ["up"] []
[2020-06-17 05:20:57] LogABMTurnosDataBase.INFO: MOVIMIENTO:  ["right"] []
[2020-06-17 05:20:57] LogABMTurnosDataBase.INFO: MOVIMIENTO:  ["right"] []
[2020-06-17 05:20:58] LogABMTurnosDataBase.INFO: MOVIMIENTO:  ["down"] []
[2020-06-17 05:20:59] LogABMTurnosDataBase.INFO: MOVIMIENTO:  ["left"] []
[2020-06-17 05:21:00] LogABMTurnosDataBase.INFO: MOVIMIENTO:  ["left"] []
[2020-06-17 05:21:01] LogABMTurnosDataBase.INFO: MOVIMIENTO:  ["up"] []
[2020-06-17 05:21:01] LogABMTurnosDataBase.INFO: MOVIMIENTO:  ["right"] []
[2020-06-17 05:21:02] LogABMTurnosDataBase.INFO: MOVIMIENTO:  ["down"] []
[2020-06-17 05:21:03] LogABMTurnosDataBase.INFO: MOVIMIENTO:  ["right"] []
[2020-06-17 05:21:03] LogABMTurnosDataBase.INFO: MOVIMIENTO:  ["up"] []
[2020-06-17 05:21:04] LogABMTurnosDataBase.INFO: MOVIMIENTO:  ["left"] []
[2020-06-17 05:21:05] LogABMTurnosDataBase.INFO: MOVIMIENTO:  ["right"] []
[2020-06-17 05:21:08] LogABMTurnosDataBase.INFO: MOVIMIENTO:  ["down"] []
[2020-06-17 05:21:08] LogABMTurnosDataBase.INFO: MOVIMIENTO:  ["down"] []
[2020-06-17 05:21:10] LogABMTurnosDataBase.INFO: MOVIMIENTO:  ["down"] []
[2020-06-17 05:21:11] LogABMTurnosDataBase.INFO: MOVIMIENTO:  ["left"] []
[2020-06-17 05:21:11] LogABMTurnosDataBase.INFO: MOVIMIENTO:  ["left"] []
[2020-06-17 05:21:12] LogABMTurnosDataBase.INFO: MOVIMIENTO:  ["up"] []
[2020-06-17 05:21:12] LogABMTurnosDataBase.INFO: MOVIMIENTO:  ["up"] []
[2020-06-17 05:21:15] LogABMTurnosDataBase.INFO: MOVIMIENTO:  ["right"] []
[2020-06-17 05:21:16] LogABMTurnosDataBase.INFO: MOVIMIENTO:  ["down"] []
[2020-06-17 05:21:16] LogABMTurnosDataBase.INFO: MOVIMIENTO:  ["down"] []
[2020-06-17 05:21:17] LogABMTurnosDataBase.INFO: MOVIMIENTO:  ["right"] []
[2020-06-17 05:21:17] LogABMTurnosDataBase.INFO: MOVIMIENTO:  ["up"] []
[2020-06-17 05:21:18] LogABMTurnosDataBase.INFO: MOVIMIENTO:  ["left"] []
[2020-06-17 05:21:19] LogABMTurnosDataBase.INFO: MOVIMIENTO:  ["down"] []
[2020-06-17 05:21:19] LogABMTurnosDataBase.INFO: MOVIMIENTO:  ["up"] []
[2020-06-17 05:21:21] LogABMTurnosDataBase.INFO: MOVIMIENTO:  ["up"] []
[2020-06-17 05:21:21] LogABMTurnosDataBase.INFO: MOVIMIENTO:  ["right"] []
[2020-06-17 05:21:22] LogABMTurnosDataBase.INFO: MOVIMIENTO:  ["down"] []
[2020-06-17 05:21:22] LogABMTurnosDataBase.INFO: MOVIMIENTO:  ["left"] []
[2020-06-17 05:21:23] LogABMTurnosDataBase.INFO: MOVIMIENTO:  ["right"] []
[2020-06-17 05:21:24] LogABMTurnosDataBase.INFO: MOVIMIENTO:  ["left"] []
[2020-06-17 05:21:24] LogABMTurnosDataBase.INFO: MOVIMIENTO:  ["up"] []
[2020-06-17 05:21:25] LogABMTurnosDataBase.INFO: MOVIMIENTO:  ["down"] []
[2020-06-17 05:21:25] LogABMTurnosDataBase.INFO: MOVIMIENTO:  ["right"] []
[2020-06-17 05:21:26] LogABMTurnosDataBase.INFO: MOVIMIENTO:  ["up"] []
[2020-06-17 05:21:27] LogABMTurnosDataBase.INFO: MOVIMIENTO:  ["left"] []
[2020-06-17 05:21:29] LogABMTurnosDataBase.INFO: MOVIMIENTO:  ["left"] []
[2020-06-17 05:21:29] LogABMTurnosDataBase.INFO: MOVIMIENTO:  ["right"] []
[2020-06-17 05:21:30] LogABMTurnosDataBase.INFO: MOVIMIENTO:  ["right"] []
[2020-06-17 05:21:30] LogABMTurnosDataBase.INFO: MOVIMIENTO:  ["down"] []
[2020-06-17 05:21:31] LogABMTurnosDataBase.INFO: MOVIMIENTO:  ["left"] []
[2020-06-17 05:21:31] LogABMTurnosDataBase.INFO: MOVIMIENTO:  ["up"] []
[2020-06-17 05:21:32] LogABMTurnosDataBase.INFO: MOVIMIENTO:  ["left"] []
[2020-06-17 05:21:32] LogABMTurnosDataBase.INFO: MOVIMIENTO:  ["right"] []
[2020-06-17 05:21:33] LogABMTurnosDataBase.INFO: MOVIMIENTO:  ["right"] []
[2020-06-17 05:21:33] LogABMTurnosDataBase.INFO: MOVIMIENTO:  ["down"] []
[2020-06-17 05:21:34] LogABMTurnosDataBase.INFO: MOVIMIENTO:  ["left"] []
[2020-06-17 05:21:37] LogABMTurnosDataBase.INFO: MOVIMIENTO:  ["up"] []
[2020-06-17 05:21:37] LogABMTurnosDataBase.INFO: MOVIMIENTO:  ["right"] []
[2020-06-17 05:21:38] LogABMTurnosDataBase.INFO: MOVIMIENTO:  ["down"] []
[2020-06-17 05:21:40] LogABMTurnosDataBase.INFO: MOVIMIENTO:  ["left"] []
[2020-06-17 05:21:41] LogABMTurnosDataBase.INFO: MOVIMIENTO:  ["up"] []
[2020-06-17 05:21:42] LogABMTurnosDataBase.INFO: MOVIMIENTO:  ["left"] []
[2020-06-17 05:32:51] LogABMTurnosDataBase.INFO: MOVIMIENTO:  ["letra-s"] []
[2020-06-17 05:32:52] LogABMTurnosDataBase.INFO: MOVIMIENTO:  ["left"] []
[2020-06-17 05:32:52] LogABMTurnosDataBase.INFO: MOVIMIENTO:  ["right"] []
[2020-06-17 05:32:53] LogABMTurnosDataBase.INFO: MOVIMIENTO:  ["left"] []
[2020-06-17 05:32:55] LogABMTurnosDataBase.INFO: MOVIMIENTO:  ["down"] []
[2020-06-17 05:32:55] LogABMTurnosDataBase.INFO: MOVIMIENTO:  ["right"] []
[2020-06-17 05:32:55] LogABMTurnosDataBase.INFO: MOVIMIENTO:  ["up"] []
[2020-06-17 05:32:55] LogABMTurnosDataBase.INFO: MOVIMIENTO:  ["up"] []
[2020-06-17 05:32:55] LogABMTurnosDataBase.INFO: MOVIMIENTO:  ["up"] []
[2020-06-17 05:32:55] LogABMTurnosDataBase.INFO: MOVIMIENTO:  ["down"] []
[2020-06-17 05:32:56] LogABMTurnosDataBase.INFO: MOVIMIENTO:  ["left"] []
[2020-06-17 05:32:57] LogABMTurnosDataBase.INFO: MOVIMIENTO:  ["left"] []
[2020-06-17 05:32:58] LogABMTurnosDataBase.INFO: MOVIMIENTO:  ["right"] []
[2020-06-17 05:32:58] LogABMTurnosDataBase.INFO: MOVIMIENTO:  ["right"] []
[2020-06-17 05:32:59] LogABMTurnosDataBase.INFO: MOVIMIENTO:  ["down"] []
[2020-06-17 05:33:01] LogABMTurnosDataBase.INFO: MOVIMIENTO:  ["left"] []
[2020-06-17 05:33:01] LogABMTurnosDataBase.INFO: MOVIMIENTO:  ["up"] []
[2020-06-17 05:33:01] LogABMTurnosDataBase.INFO: MOVIMIENTO:  ["up"] []
[2020-06-17 05:33:03] LogABMTurnosDataBase.INFO: MOVIMIENTO:  ["down"] []
[2020-06-17 05:33:04] LogABMTurnosDataBase.INFO: MOVIMIENTO:  ["left"] []
[2020-06-17 05:33:06] LogABMTurnosDataBase.INFO: MOVIMIENTO:  ["down"] []
[2020-06-17 05:33:07] LogABMTurnosDataBase.INFO: MOVIMIENTO:  ["down"] []
[2020-06-17 05:33:08] LogABMTurnosDataBase.INFO: MOVIMIENTO:  ["up"] []
[2020-06-17 05:33:08] LogABMTurnosDataBase.INFO: MOVIMIENTO:  ["right"] []
[2020-06-17 05:33:09] LogABMTurnosDataBase.INFO: MOVIMIENTO:  ["down"] []
[2020-06-17 05:33:10] LogABMTurnosDataBase.INFO: MOVIMIENTO:  ["left"] []
[2020-06-17 05:33:11] LogABMTurnosDataBase.INFO: MOVIMIENTO:  ["up"] []
[2020-06-17 05:33:12] LogABMTurnosDataBase.INFO: MOVIMIENTO:  ["right"] []
[2020-06-17 05:33:13] LogABMTurnosDataBase.INFO: MOVIMIENTO:  ["right"] []
[2020-06-17 05:33:14] LogABMTurnosDataBase.INFO: MOVIMIENTO:  ["right"] []
[2020-06-17 05:33:42] LogABMTurnosDataBase.INFO: MOVIMIENTO:  ["letra-s"] []
[2020-06-17 05:34:02] LogABMTurnosDataBase.INFO: MOVIMIENTO:  ["letra-s"] []
[2020-06-17 05:34:03] LogABMTurnosDataBase.INFO: MOVIMIENTO:  ["right"] []
[2020-06-17 05:34:04] LogABMTurnosDataBase.INFO: MOVIMIENTO:  ["left"] []
[2020-06-17 05:34:05] LogABMTurnosDataBase.INFO: MOVIMIENTO:  ["right"] []
[2020-06-17 05:34:06] LogABMTurnosDataBase.INFO: MOVIMIENTO:  ["right"] []
[2020-06-17 05:34:06] LogABMTurnosDataBase.INFO: MOVIMIENTO:  ["left"] []
[2020-06-17 05:34:07] LogABMTurnosDataBase.INFO: MOVIMIENTO:  ["left"] []
[2020-06-17 05:34:08] LogABMTurnosDataBase.INFO: MOVIMIENTO:  ["right"] []
[2020-06-17 05:34:09] LogABMTurnosDataBase.INFO: MOVIMIENTO:  ["left"] []
[2020-06-17 05:34:18] LogABMTurnosDataBase.INFO: MOVIMIENTO:  ["letra-s"] []
[2020-06-17 05:34:18] LogABMTurnosDataBase.INFO: MOVIMIENTO:  ["left"] []
[2020-06-17 05:34:19] LogABMTurnosDataBase.INFO: MOVIMIENTO:  ["up"] []
[2020-06-17 05:34:20] LogABMTurnosDataBase.INFO: MOVIMIENTO:  ["right"] []
[2020-06-17 05:34:21] LogABMTurnosDataBase.INFO: MOVIMIENTO:  ["down"] []
[2020-06-17 05:34:21] LogABMTurnosDataBase.INFO: MOVIMIENTO:  ["up"] []
[2020-06-17 05:34:34] LogABMTurnosDataBase.INFO: MOVIMIENTO:  ["right"] []
[2020-06-17 05:34:35] LogABMTurnosDataBase.INFO: MOVIMIENTO:  ["left"] []
[2020-06-17 05:34:36] LogABMTurnosDataBase.INFO: MOVIMIENTO:  ["right"] []
[2020-06-17 05:34:36] LogABMTurnosDataBase.INFO: MOVIMIENTO:  ["down"] []
[2020-06-17 05:34:37] LogABMTurnosDataBase.INFO: MOVIMIENTO:  ["up"] []
[2020-06-17 05:34:37] LogABMTurnosDataBase.INFO: MOVIMIENTO:  ["left"] []
[2020-06-17 05:34:39] LogABMTurnosDataBase.INFO: MOVIMIENTO:  ["right"] []
[2020-06-17 05:34:39] LogABMTurnosDataBase.INFO: MOVIMIENTO:  ["down"] []
[2020-06-17 05:34:41] LogABMTurnosDataBase.INFO: MOVIMIENTO:  ["up"] []
[2020-06-17 05:34:41] LogABMTurnosDataBase.INFO: MOVIMIENTO:  ["left"] []
[2020-06-17 05:34:42] LogABMTurnosDataBase.INFO: MOVIMIENTO:  ["up"] []
[2020-06-17 05:34:43] LogABMTurnosDataBase.INFO: MOVIMIENTO:  ["left"] []
[2020-06-17 05:34:44] LogABMTurnosDataBase.INFO: MOVIMIENTO:  ["right"] []
[2020-06-17 05:34:45] LogABMTurnosDataBase.INFO: MOVIMIENTO:  ["down"] []
[2020-06-17 05:34:46] LogABMTurnosDataBase.INFO: MOVIMIENTO:  ["left"] []
[2020-06-17 05:34:50] LogABMTurnosDataBase.INFO: MOVIMIENTO:  ["down"] []
[2020-06-17 05:34:51] LogABMTurnosDataBase.INFO: MOVIMIENTO:  ["right"] []
[2020-06-17 05:34:52] LogABMTurnosDataBase.INFO: MOVIMIENTO:  ["up"] []
[2020-06-17 05:34:53] LogABMTurnosDataBase.INFO: MOVIMIENTO:  ["right"] []
[2020-06-17 05:34:54] LogABMTurnosDataBase.INFO: MOVIMIENTO:  ["down"] []
[2020-06-17 05:34:54] LogABMTurnosDataBase.INFO: MOVIMIENTO:  ["up"] []
[2020-06-17 05:34:55] LogABMTurnosDataBase.INFO: MOVIMIENTO:  ["up"] []
[2020-06-17 05:34:56] LogABMTurnosDataBase.INFO: MOVIMIENTO:  ["left"] []
[2020-06-17 05:34:57] LogABMTurnosDataBase.INFO: MOVIMIENTO:  ["down"] []
[2020-06-17 05:34:58] LogABMTurnosDataBase.INFO: MOVIMIENTO:  ["down"] []
